Analysis & Synthesis report for p5
Fri Feb 17 12:47:13 2017
Quartus Prime Version 16.1.0 Build 196 10/24/2016 SJ Lite Edition


---------------------
; Table of Contents ;
---------------------
  1. Legal Notice
  2. Analysis & Synthesis Summary
  3. Analysis & Synthesis Settings
  4. Parallel Compilation
  5. Analysis & Synthesis Source Files Read
  6. Analysis & Synthesis Resource Usage Summary
  7. Analysis & Synthesis Resource Utilization by Entity
  8. General Register Statistics
  9. Port Connectivity Checks: "Digitizer:digS0"
 10. Port Connectivity Checks: "Digitizer:digS2S1|Converter:converter"
 11. Port Connectivity Checks: "Digitizer:digS2S1"
 12. Post-Synthesis Netlist Statistics for Top Partition
 13. Elapsed Time Per Partition
 14. Analysis & Synthesis Messages
 15. Analysis & Synthesis Suppressed Messages



----------------
; Legal Notice ;
----------------
Copyright (C) 2016  Intel Corporation. All rights reserved.
Your use of Intel Corporation's design tools, logic functions 
and other software and tools, and its AMPP partner logic 
functions, and any output files from any of the foregoing 
(including device programming or simulation files), and any 
associated documentation or information are expressly subject 
to the terms and conditions of the Intel Program License 
Subscription Agreement, the Intel Quartus Prime License Agreement,
the Intel MegaCore Function License Agreement, or other 
applicable license agreement, including, without limitation, 
that your use is for the sole purpose of programming logic 
devices manufactured by Intel and sold by Intel or its 
authorized distributors.  Please refer to the applicable 
agreement for further details.



+----------------------------------------------------------------------------------+
; Analysis & Synthesis Summary                                                     ;
+------------------------------------+---------------------------------------------+
; Analysis & Synthesis Status        ; Successful - Fri Feb 17 12:47:13 2017       ;
; Quartus Prime Version              ; 16.1.0 Build 196 10/24/2016 SJ Lite Edition ;
; Revision Name                      ; p5                                          ;
; Top-level Entity Name              ; p5                                          ;
; Family                             ; Cyclone IV E                                ;
; Total logic elements               ; 72                                          ;
;     Total combinational functions  ; 72                                          ;
;     Dedicated logic registers      ; 0                                           ;
; Total registers                    ; 0                                           ;
; Total pins                         ; 67                                          ;
; Total virtual pins                 ; 0                                           ;
; Total memory bits                  ; 0                                           ;
; Embedded Multiplier 9-bit elements ; 0                                           ;
; Total PLLs                         ; 0                                           ;
+------------------------------------+---------------------------------------------+


+----------------------------------------------------------------------------------------------------------------------+
; Analysis & Synthesis Settings                                                                                        ;
+----------------------------------------------------------------------------+--------------------+--------------------+
; Option                                                                     ; Setting            ; Default Value      ;
+----------------------------------------------------------------------------+--------------------+--------------------+
; Device                                                                     ; EP4CE115F29C7      ;                    ;
; Top-level entity name                                                      ; p5                 ; p5                 ;
; Family name                                                                ; Cyclone IV E       ; Cyclone V          ;
; Use smart compilation                                                      ; Off                ; Off                ;
; Enable parallel Assembler and TimeQuest Timing Analyzer during compilation ; On                 ; On                 ;
; Enable compact report table                                                ; Off                ; Off                ;
; Restructure Multiplexers                                                   ; Auto               ; Auto               ;
; Create Debugging Nodes for IP Cores                                        ; Off                ; Off                ;
; Preserve fewer node names                                                  ; On                 ; On                 ;
; OpenCore Plus hardware evaluation                                          ; Enable             ; Enable             ;
; Verilog Version                                                            ; Verilog_2001       ; Verilog_2001       ;
; VHDL Version                                                               ; VHDL_1993          ; VHDL_1993          ;
; State Machine Processing                                                   ; Auto               ; Auto               ;
; Safe State Machine                                                         ; Off                ; Off                ;
; Extract Verilog State Machines                                             ; On                 ; On                 ;
; Extract VHDL State Machines                                                ; On                 ; On                 ;
; Ignore Verilog initial constructs                                          ; Off                ; Off                ;
; Iteration limit for constant Verilog loops                                 ; 5000               ; 5000               ;
; Iteration limit for non-constant Verilog loops                             ; 250                ; 250                ;
; Add Pass-Through Logic to Inferred RAMs                                    ; On                 ; On                 ;
; Infer RAMs from Raw Logic                                                  ; On                 ; On                 ;
; Parallel Synthesis                                                         ; On                 ; On                 ;
; DSP Block Balancing                                                        ; Auto               ; Auto               ;
; NOT Gate Push-Back                                                         ; On                 ; On                 ;
; Power-Up Don't Care                                                        ; On                 ; On                 ;
; Remove Redundant Logic Cells                                               ; Off                ; Off                ;
; Remove Duplicate Registers                                                 ; On                 ; On                 ;
; Ignore CARRY Buffers                                                       ; Off                ; Off                ;
; Ignore CASCADE Buffers                                                     ; Off                ; Off                ;
; Ignore GLOBAL Buffers                                                      ; Off                ; Off                ;
; Ignore ROW GLOBAL Buffers                                                  ; Off                ; Off                ;
; Ignore LCELL Buffers                                                       ; Off                ; Off                ;
; Ignore SOFT Buffers                                                        ; On                 ; On                 ;
; Limit AHDL Integers to 32 Bits                                             ; Off                ; Off                ;
; Optimization Technique                                                     ; Balanced           ; Balanced           ;
; Carry Chain Length                                                         ; 70                 ; 70                 ;
; Auto Carry Chains                                                          ; On                 ; On                 ;
; Auto Open-Drain Pins                                                       ; On                 ; On                 ;
; Perform WYSIWYG Primitive Resynthesis                                      ; Off                ; Off                ;
; Auto ROM Replacement                                                       ; On                 ; On                 ;
; Auto RAM Replacement                                                       ; On                 ; On                 ;
; Auto DSP Block Replacement                                                 ; On                 ; On                 ;
; Auto Shift Register Replacement                                            ; Auto               ; Auto               ;
; Allow Shift Register Merging across Hierarchies                            ; Auto               ; Auto               ;
; Auto Clock Enable Replacement                                              ; On                 ; On                 ;
; Strict RAM Replacement                                                     ; Off                ; Off                ;
; Allow Synchronous Control Signals                                          ; On                 ; On                 ;
; Force Use of Synchronous Clear Signals                                     ; Off                ; Off                ;
; Auto RAM Block Balancing                                                   ; On                 ; On                 ;
; Auto RAM to Logic Cell Conversion                                          ; Off                ; Off                ;
; Auto Resource Sharing                                                      ; Off                ; Off                ;
; Allow Any RAM Size For Recognition                                         ; Off                ; Off                ;
; Allow Any ROM Size For Recognition                                         ; Off                ; Off                ;
; Allow Any Shift Register Size For Recognition                              ; Off                ; Off                ;
; Use LogicLock Constraints during Resource Balancing                        ; On                 ; On                 ;
; Ignore translate_off and synthesis_off directives                          ; Off                ; Off                ;
; Timing-Driven Synthesis                                                    ; On                 ; On                 ;
; Report Parameter Settings                                                  ; On                 ; On                 ;
; Report Source Assignments                                                  ; On                 ; On                 ;
; Report Connectivity Checks                                                 ; On                 ; On                 ;
; Ignore Maximum Fan-Out Assignments                                         ; Off                ; Off                ;
; Synchronization Register Chain Length                                      ; 2                  ; 2                  ;
; PowerPlay Power Optimization During Synthesis                              ; Normal compilation ; Normal compilation ;
; HDL message level                                                          ; Level2             ; Level2             ;
; Suppress Register Optimization Related Messages                            ; Off                ; Off                ;
; Number of Removed Registers Reported in Synthesis Report                   ; 5000               ; 5000               ;
; Number of Swept Nodes Reported in Synthesis Report                         ; 5000               ; 5000               ;
; Number of Inverted Registers Reported in Synthesis Report                  ; 100                ; 100                ;
; Clock MUX Protection                                                       ; On                 ; On                 ;
; Auto Gated Clock Conversion                                                ; Off                ; Off                ;
; Block Design Naming                                                        ; Auto               ; Auto               ;
; SDC constraint protection                                                  ; Off                ; Off                ;
; Synthesis Effort                                                           ; Auto               ; Auto               ;
; Shift Register Replacement - Allow Asynchronous Clear Signal               ; On                 ; On                 ;
; Pre-Mapping Resynthesis Optimization                                       ; Off                ; Off                ;
; Analysis & Synthesis Message Level                                         ; Medium             ; Medium             ;
; Disable Register Merging Across Hierarchies                                ; Auto               ; Auto               ;
; Resource Aware Inference For Block RAM                                     ; On                 ; On                 ;
+----------------------------------------------------------------------------+--------------------+--------------------+


+------------------------------------------+
; Parallel Compilation                     ;
+----------------------------+-------------+
; Processors                 ; Number      ;
+----------------------------+-------------+
; Number detected on machine ; 4           ;
; Maximum allowed            ; 2           ;
;                            ;             ;
; Average used               ; 1.00        ;
; Maximum used               ; 1           ;
;                            ;             ;
; Usage by Processor         ; % Time Used ;
;     Processor 1            ; 100.0%      ;
+----------------------------+-------------+


+--------------------------------------------------------------------------------------------------------------------------------------+
; Analysis & Synthesis Source Files Read                                                                                               ;
+----------------------------------+-----------------+------------------------+----------------------------------------------+---------+
; File Name with User-Entered Path ; Used in Netlist ; File Type              ; File Name with Absolute Path                 ; Library ;
+----------------------------------+-----------------+------------------------+----------------------------------------------+---------+
; BCD.v                            ; yes             ; User Verilog HDL File  ; F:/Work/FPGA/Board/Lab2/P5 BCD/BCD.v         ;         ;
; Comparator.v                     ; yes             ; User Verilog HDL File  ; F:/Work/FPGA/Board/Lab2/P5 BCD/Comparator.v  ;         ;
; Converter.v                      ; yes             ; User Verilog HDL File  ; F:/Work/FPGA/Board/Lab2/P5 BCD/Converter.v   ;         ;
; Digitizer.v                      ; yes             ; User Verilog HDL File  ; F:/Work/FPGA/Board/Lab2/P5 BCD/Digitizer.v   ;         ;
; FA.v                             ; yes             ; User Verilog HDL File  ; F:/Work/FPGA/Board/Lab2/P5 BCD/FA.v          ;         ;
; Multiplexer.v                    ; yes             ; User Verilog HDL File  ; F:/Work/FPGA/Board/Lab2/P5 BCD/Multiplexer.v ;         ;
; Oner.v                           ; yes             ; User Verilog HDL File  ; F:/Work/FPGA/Board/Lab2/P5 BCD/Oner.v        ;         ;
; p5.v                             ; yes             ; User Verilog HDL File  ; F:/Work/FPGA/Board/Lab2/P5 BCD/p5.v          ;         ;
+----------------------------------+-----------------+------------------------+----------------------------------------------+---------+


+----------------------------------------------------------+
; Analysis & Synthesis Resource Usage Summary              ;
+---------------------------------------------+------------+
; Resource                                    ; Usage      ;
+---------------------------------------------+------------+
; Estimated Total logic elements              ; 72         ;
;                                             ;            ;
; Total combinational functions               ; 72         ;
; Logic element usage by number of LUT inputs ;            ;
;     -- 4 input functions                    ; 56         ;
;     -- 3 input functions                    ; 11         ;
;     -- <=2 input functions                  ; 5          ;
;                                             ;            ;
; Logic elements by mode                      ;            ;
;     -- normal mode                          ; 67         ;
;     -- arithmetic mode                      ; 5          ;
;                                             ;            ;
; Total registers                             ; 0          ;
;     -- Dedicated logic registers            ; 0          ;
;     -- I/O registers                        ; 0          ;
;                                             ;            ;
; I/O pins                                    ; 67         ;
;                                             ;            ;
; Embedded Multiplier 9-bit elements          ; 0          ;
;                                             ;            ;
; Maximum fan-out node                        ; FA:F01|s~4 ;
; Maximum fan-out                             ; 11         ;
; Total fan-out                               ; 377        ;
; Average fan-out                             ; 1.83       ;
+---------------------------------------------+------------+


+-------------------------------------------------------------------------------------------------------------------------------------------------------------------------------------------------------------------------------------+
; Analysis & Synthesis Resource Utilization by Entity                                                                                                                                                                                 ;
+-------------------------------+---------------------+---------------------------+-------------+--------------+---------+-----------+------+--------------+---------------------------------------------+-------------+--------------+
; Compilation Hierarchy Node    ; Combinational ALUTs ; Dedicated Logic Registers ; Memory Bits ; DSP Elements ; DSP 9x9 ; DSP 18x18 ; Pins ; Virtual Pins ; Full Hierarchy Name                         ; Entity Name ; Library Name ;
+-------------------------------+---------------------+---------------------------+-------------+--------------+---------+-----------+------+--------------+---------------------------------------------+-------------+--------------+
; |p5                           ; 72 (0)              ; 0 (0)                     ; 0           ; 0            ; 0       ; 0         ; 67   ; 0            ; |p5                                         ; p5          ; work         ;
;    |BCD:bcdA0|                ; 7 (7)               ; 0 (0)                     ; 0           ; 0            ; 0       ; 0         ; 0    ; 0            ; |p5|BCD:bcdA0                               ; BCD         ; work         ;
;    |BCD:bcdA1|                ; 7 (7)               ; 0 (0)                     ; 0           ; 0            ; 0       ; 0         ; 0    ; 0            ; |p5|BCD:bcdA1                               ; BCD         ; work         ;
;    |BCD:bcdB0|                ; 7 (7)               ; 0 (0)                     ; 0           ; 0            ; 0       ; 0         ; 0    ; 0            ; |p5|BCD:bcdB0                               ; BCD         ; work         ;
;    |BCD:bcdB1|                ; 7 (7)               ; 0 (0)                     ; 0           ; 0            ; 0       ; 0         ; 0    ; 0            ; |p5|BCD:bcdB1                               ; BCD         ; work         ;
;    |Digitizer:digS0|          ; 14 (0)              ; 0 (0)                     ; 0           ; 0            ; 0       ; 0         ; 0    ; 0            ; |p5|Digitizer:digS0                         ; Digitizer   ; work         ;
;       |BCD:bcd|               ; 14 (14)             ; 0 (0)                     ; 0           ; 0            ; 0       ; 0         ; 0    ; 0            ; |p5|Digitizer:digS0|BCD:bcd                 ; BCD         ; work         ;
;    |Digitizer:digS2S1|        ; 14 (0)              ; 0 (0)                     ; 0           ; 0            ; 0       ; 0         ; 0    ; 0            ; |p5|Digitizer:digS2S1                       ; Digitizer   ; work         ;
;       |BCD:bcd|               ; 7 (7)               ; 0 (0)                     ; 0           ; 0            ; 0       ; 0         ; 0    ; 0            ; |p5|Digitizer:digS2S1|BCD:bcd               ; BCD         ; work         ;
;       |Comparator:comparator| ; 2 (2)               ; 0 (0)                     ; 0           ; 0            ; 0       ; 0         ; 0    ; 0            ; |p5|Digitizer:digS2S1|Comparator:comparator ; Comparator  ; work         ;
;       |Multiplexer:mux0|      ; 2 (2)               ; 0 (0)                     ; 0           ; 0            ; 0       ; 0         ; 0    ; 0            ; |p5|Digitizer:digS2S1|Multiplexer:mux0      ; Multiplexer ; work         ;
;       |Multiplexer:mux1|      ; 1 (1)               ; 0 (0)                     ; 0           ; 0            ; 0       ; 0         ; 0    ; 0            ; |p5|Digitizer:digS2S1|Multiplexer:mux1      ; Multiplexer ; work         ;
;       |Multiplexer:mux2|      ; 1 (1)               ; 0 (0)                     ; 0           ; 0            ; 0       ; 0         ; 0    ; 0            ; |p5|Digitizer:digS2S1|Multiplexer:mux2      ; Multiplexer ; work         ;
;       |Multiplexer:mux3|      ; 1 (1)               ; 0 (0)                     ; 0           ; 0            ; 0       ; 0         ; 0    ; 0            ; |p5|Digitizer:digS2S1|Multiplexer:mux3      ; Multiplexer ; work         ;
;    |FA:F01|                   ; 6 (6)               ; 0 (0)                     ; 0           ; 0            ; 0       ; 0         ; 0    ; 0            ; |p5|FA:F01                                  ; FA          ; work         ;
;    |FA:F11|                   ; 2 (2)               ; 0 (0)                     ; 0           ; 0            ; 0       ; 0         ; 0    ; 0            ; |p5|FA:F11                                  ; FA          ; work         ;
;    |FA:F12|                   ; 2 (2)               ; 0 (0)                     ; 0           ; 0            ; 0       ; 0         ; 0    ; 0            ; |p5|FA:F12                                  ; FA          ; work         ;
;    |FA:F13|                   ; 3 (3)               ; 0 (0)                     ; 0           ; 0            ; 0       ; 0         ; 0    ; 0            ; |p5|FA:F13                                  ; FA          ; work         ;
;    |FA:F14|                   ; 3 (3)               ; 0 (0)                     ; 0           ; 0            ; 0       ; 0         ; 0    ; 0            ; |p5|FA:F14                                  ; FA          ; work         ;
+-------------------------------+---------------------+---------------------------+-------------+--------------+---------+-----------+------+--------------+---------------------------------------------+-------------+--------------+
Note: For table entries with two numbers listed, the numbers in parentheses indicate the number of resources of the given type used by the specific entity alone. The numbers listed outside of parentheses indicate the total resources of the given type used by the specific entity and all of its sub-entities in the hierarchy.


+------------------------------------------------------+
; General Register Statistics                          ;
+----------------------------------------------+-------+
; Statistic                                    ; Value ;
+----------------------------------------------+-------+
; Total registers                              ; 0     ;
; Number of registers using Synchronous Clear  ; 0     ;
; Number of registers using Synchronous Load   ; 0     ;
; Number of registers using Asynchronous Clear ; 0     ;
; Number of registers using Asynchronous Load  ; 0     ;
; Number of registers using Clock Enable       ; 0     ;
; Number of registers using Preset             ; 0     ;
+----------------------------------------------+-------+


+-----------------------------------------------------------------------------------------------------------------------------------------------------------------------+
; Port Connectivity Checks: "Digitizer:digS0"                                                                                                                           ;
+-----------------+--------+----------+---------------------------------------------------------------------------------------------------------------------------------+
; Port            ; Type   ; Severity ; Details                                                                                                                         ;
+-----------------+--------+----------+---------------------------------------------------------------------------------------------------------------------------------+
; lineOuts        ; Output ; Warning  ; Output or bidir port (14 bits) is wider than the port expression (11 bits) it drives; bit(s) "lineOuts[13..11]" have no fanouts ;
; lineOuts[10..7] ; Output ; Info     ; Connected to dangling logic. Logic that only feeds a dangling port will be removed.                                             ;
+-----------------+--------+----------+---------------------------------------------------------------------------------------------------------------------------------+


+---------------------------------------------------------------------------------------------------------------------------------------------------------------------------------------------------------------+
; Port Connectivity Checks: "Digitizer:digS2S1|Converter:converter"                                                                                                                                             ;
+---------+-------+----------+----------------------------------------------------------------------------------------------------------------------------------------------------------------------------------+
; Port    ; Type  ; Severity ; Details                                                                                                                                                                          ;
+---------+-------+----------+----------------------------------------------------------------------------------------------------------------------------------------------------------------------------------+
; lineIns ; Input ; Warning  ; Input port expression (5 bits) is wider than the input port (4 bits) it drives.  The 1 most-significant bit(s) in the expression will be dangling if they have no other fanouts. ;
+---------+-------+----------+----------------------------------------------------------------------------------------------------------------------------------------------------------------------------------+


+---------------------------------------------------------------------------------------------------------------------------------------------------------------------------------------------------------------+
; Port Connectivity Checks: "Digitizer:digS2S1"                                                                                                                                                                 ;
+---------+-------+----------+----------------------------------------------------------------------------------------------------------------------------------------------------------------------------------+
; Port    ; Type  ; Severity ; Details                                                                                                                                                                          ;
+---------+-------+----------+----------------------------------------------------------------------------------------------------------------------------------------------------------------------------------+
; lineIns ; Input ; Warning  ; Input port expression (8 bits) is wider than the input port (5 bits) it drives.  The 3 most-significant bit(s) in the expression will be dangling if they have no other fanouts. ;
+---------+-------+----------+----------------------------------------------------------------------------------------------------------------------------------------------------------------------------------+


+-----------------------------------------------------+
; Post-Synthesis Netlist Statistics for Top Partition ;
+-----------------------+-----------------------------+
; Type                  ; Count                       ;
+-----------------------+-----------------------------+
; boundary_port         ; 67                          ;
; cycloneiii_lcell_comb ; 91                          ;
;     arith             ; 5                           ;
;         2 data inputs ; 1                           ;
;         3 data inputs ; 4                           ;
;     normal            ; 86                          ;
;         0 data inputs ; 2                           ;
;         1 data inputs ; 18                          ;
;         2 data inputs ; 3                           ;
;         3 data inputs ; 7                           ;
;         4 data inputs ; 56                          ;
;                       ;                             ;
; Max LUT depth         ; 8.50                        ;
; Average LUT depth     ; 4.75                        ;
+-----------------------+-----------------------------+


+-------------------------------+
; Elapsed Time Per Partition    ;
+----------------+--------------+
; Partition Name ; Elapsed Time ;
+----------------+--------------+
; Top            ; 00:00:00     ;
+----------------+--------------+


+-------------------------------+
; Analysis & Synthesis Messages ;
+-------------------------------+
Info: *******************************************************************
Info: Running Quartus Prime Analysis & Synthesis
    Info: Version 16.1.0 Build 196 10/24/2016 SJ Lite Edition
    Info: Processing started: Fri Feb 17 12:47:01 2017
Info: Command: quartus_map --read_settings_files=on --write_settings_files=off p5 -c p5
Warning (18236): Number of processors has not been specified which may cause overloading on shared machines.  Set the global assignment NUM_PARALLEL_PROCESSORS in your QSF to an appropriate value for best performance.
Info (20030): Parallel compilation is enabled and will use 2 of the 2 processors detected
Info (12021): Found 1 design units, including 1 entities, in source file bcd.v
    Info (12023): Found entity 1: BCD File: F:/Work/FPGA/Board/Lab2/P5 BCD/BCD.v Line: 1
Info (12021): Found 1 design units, including 1 entities, in source file comparator.v
    Info (12023): Found entity 1: Comparator File: F:/Work/FPGA/Board/Lab2/P5 BCD/Comparator.v Line: 1
Info (12021): Found 1 design units, including 1 entities, in source file converter.v
    Info (12023): Found entity 1: Converter File: F:/Work/FPGA/Board/Lab2/P5 BCD/Converter.v Line: 1
Info (12021): Found 1 design units, including 1 entities, in source file digitizer.v
    Info (12023): Found entity 1: Digitizer File: F:/Work/FPGA/Board/Lab2/P5 BCD/Digitizer.v Line: 1
Info (12021): Found 1 design units, including 1 entities, in source file fa.v
    Info (12023): Found entity 1: FA File: F:/Work/FPGA/Board/Lab2/P5 BCD/FA.v Line: 1
Info (12021): Found 1 design units, including 1 entities, in source file multiplexer.v
    Info (12023): Found entity 1: Multiplexer File: F:/Work/FPGA/Board/Lab2/P5 BCD/Multiplexer.v Line: 1
Info (12021): Found 1 design units, including 1 entities, in source file oner.v
    Info (12023): Found entity 1: Oner File: F:/Work/FPGA/Board/Lab2/P5 BCD/Oner.v Line: 1
Info (12021): Found 1 design units, including 1 entities, in source file p5.v
    Info (12023): Found entity 1: p5 File: F:/Work/FPGA/Board/Lab2/P5 BCD/p5.v Line: 1
Info (12127): Elaborating entity "p5" for the top level hierarchy
Info (12128): Elaborating entity "FA" for hierarchy "FA:F01" File: F:/Work/FPGA/Board/Lab2/P5 BCD/p5.v Line: 22
Info (12128): Elaborating entity "Digitizer" for hierarchy "Digitizer:digS2S1" File: F:/Work/FPGA/Board/Lab2/P5 BCD/p5.v Line: 35
Info (12128): Elaborating entity "Converter" for hierarchy "Digitizer:digS2S1|Converter:converter" File: F:/Work/FPGA/Board/Lab2/P5 BCD/Digitizer.v Line: 15
Info (12128): Elaborating entity "Comparator" for hierarchy "Digitizer:digS2S1|Comparator:comparator" File: F:/Work/FPGA/Board/Lab2/P5 BCD/Digitizer.v Line: 21
Warning (10036): Verilog HDL or VHDL warning at Comparator.v(12): object "E" assigned a value but never read File: F:/Work/FPGA/Board/Lab2/P5 BCD/Comparator.v Line: 12
Info (12128): Elaborating entity "Multiplexer" for hierarchy "Digitizer:digS2S1|Multiplexer:mux0" File: F:/Work/FPGA/Board/Lab2/P5 BCD/Digitizer.v Line: 29
Info (12128): Elaborating entity "Oner" for hierarchy "Digitizer:digS2S1|Oner:oner" File: F:/Work/FPGA/Board/Lab2/P5 BCD/Digitizer.v Line: 56
Info (12128): Elaborating entity "BCD" for hierarchy "Digitizer:digS2S1|BCD:bcd" File: F:/Work/FPGA/Board/Lab2/P5 BCD/Digitizer.v Line: 62
Warning (12020): Port "lineIns" on the entity instantiation of "converter" is connected to a signal of width 5. The formal width of the signal in the module is 4.  The extra bits will be ignored. File: F:/Work/FPGA/Board/Lab2/P5 BCD/Digitizer.v Line: 15
Warning (12241): 3 hierarchies have connectivity warnings - see the Connectivity Checks report folder
Warning (13024): Output pins are stuck at VCC or GND
    Warning (13410): Pin "LEDs[14]" is stuck at VCC File: F:/Work/FPGA/Board/Lab2/P5 BCD/p5.v Line: 6
    Warning (13410): Pin "LEDs[17]" is stuck at VCC File: F:/Work/FPGA/Board/Lab2/P5 BCD/p5.v Line: 6
    Warning (13410): Pin "LEDs[18]" is stuck at VCC File: F:/Work/FPGA/Board/Lab2/P5 BCD/p5.v Line: 6
    Warning (13410): Pin "LEDs[19]" is stuck at VCC File: F:/Work/FPGA/Board/Lab2/P5 BCD/p5.v Line: 6
    Warning (13410): Pin "LEDs[20]" is stuck at VCC File: F:/Work/FPGA/Board/Lab2/P5 BCD/p5.v Line: 6
Info (286030): Timing-Driven Synthesis is running
Info (144001): Generated suppressed messages file F:/Work/FPGA/Board/Lab2/P5 BCD/output_files/p5.map.smsg
Info (16010): Generating hard_block partition "hard_block:auto_generated_inst"
    Info (16011): Adding 0 node(s), including 0 DDIO, 0 PLL, 0 transceiver and 0 LCELL
Info (21057): Implemented 139 device resources after synthesis - the final resource count might be different
    Info (21058): Implemented 17 input pins
    Info (21059): Implemented 50 output pins
    Info (21061): Implemented 72 logic cells
Info: Quartus Prime Analysis & Synthesis was successful. 0 errors, 10 warnings
    Info: Peak virtual memory: 590 megabytes
    Info: Processing ended: Fri Feb 17 12:47:13 2017
    Info: Elapsed time: 00:00:12
    Info: Total CPU time (on all processors): 00:00:28


+------------------------------------------+
; Analysis & Synthesis Suppressed Messages ;
+------------------------------------------+
The suppressed messages can be found in F:/Work/FPGA/Board/Lab2/P5 BCD/output_files/p5.map.smsg.


