Analysis & Synthesis report for p5
Sun Feb 26 14:42:54 2017
Quartus Prime Version 16.1.0 Build 196 10/24/2016 SJ Lite Edition


---------------------
; Table of Contents ;
---------------------
  1. Legal Notice
  2. Analysis & Synthesis Summary
  3. Analysis & Synthesis Settings
  4. Parallel Compilation
  5. Analysis & Synthesis Source Files Read
  6. Analysis & Synthesis Resource Usage Summary
  7. Analysis & Synthesis Resource Utilization by Entity
  8. General Register Statistics
  9. Port Connectivity Checks: "muxer_3_5_1:mux4"
 10. Port Connectivity Checks: "muxer_3_5_1:mux3"
 11. Port Connectivity Checks: "muxer_3_5_1:mux2"
 12. Port Connectivity Checks: "muxer_3_5_1:mux1"
 13. Port Connectivity Checks: "muxer_3_5_1:mux0"
 14. Post-Synthesis Netlist Statistics for Top Partition
 15. Elapsed Time Per Partition
 16. Analysis & Synthesis Messages



----------------
; Legal Notice ;
----------------
Copyright (C) 2016  Intel Corporation. All rights reserved.
Your use of Intel Corporation's design tools, logic functions 
and other software and tools, and its AMPP partner logic 
functions, and any output files from any of the foregoing 
(including device programming or simulation files), and any 
associated documentation or information are expressly subject 
to the terms and conditions of the Intel Program License 
Subscription Agreement, the Intel Quartus Prime License Agreement,
the Intel MegaCore Function License Agreement, or other 
applicable license agreement, including, without limitation, 
that your use is for the sole purpose of programming logic 
devices manufactured by Intel and sold by Intel or its 
authorized distributors.  Please refer to the applicable 
agreement for further details.



+----------------------------------------------------------------------------------+
; Analysis & Synthesis Summary                                                     ;
+------------------------------------+---------------------------------------------+
; Analysis & Synthesis Status        ; Successful - Sun Feb 26 14:42:54 2017       ;
; Quartus Prime Version              ; 16.1.0 Build 196 10/24/2016 SJ Lite Edition ;
; Revision Name                      ; p5                                          ;
; Top-level Entity Name              ; p5                                          ;
; Family                             ; Cyclone IV E                                ;
; Total logic elements               ; 0                                           ;
;     Total combinational functions  ; 0                                           ;
;     Dedicated logic registers      ; 0                                           ;
; Total registers                    ; 0                                           ;
; Total pins                         ; 36                                          ;
; Total virtual pins                 ; 0                                           ;
; Total memory bits                  ; 0                                           ;
; Embedded Multiplier 9-bit elements ; 0                                           ;
; Total PLLs                         ; 0                                           ;
+------------------------------------+---------------------------------------------+


+----------------------------------------------------------------------------------------------------------------------+
; Analysis & Synthesis Settings                                                                                        ;
+----------------------------------------------------------------------------+--------------------+--------------------+
; Option                                                                     ; Setting            ; Default Value      ;
+----------------------------------------------------------------------------+--------------------+--------------------+
; Device                                                                     ; EP4CE115F29C7      ;                    ;
; Top-level entity name                                                      ; p5                 ; p5                 ;
; Family name                                                                ; Cyclone IV E       ; Cyclone V          ;
; Use smart compilation                                                      ; Off                ; Off                ;
; Enable parallel Assembler and TimeQuest Timing Analyzer during compilation ; On                 ; On                 ;
; Enable compact report table                                                ; Off                ; Off                ;
; Restructure Multiplexers                                                   ; Auto               ; Auto               ;
; Create Debugging Nodes for IP Cores                                        ; Off                ; Off                ;
; Preserve fewer node names                                                  ; On                 ; On                 ;
; OpenCore Plus hardware evaluation                                          ; Enable             ; Enable             ;
; Verilog Version                                                            ; Verilog_2001       ; Verilog_2001       ;
; VHDL Version                                                               ; VHDL_1993          ; VHDL_1993          ;
; State Machine Processing                                                   ; Auto               ; Auto               ;
; Safe State Machine                                                         ; Off                ; Off                ;
; Extract Verilog State Machines                                             ; On                 ; On                 ;
; Extract VHDL State Machines                                                ; On                 ; On                 ;
; Ignore Verilog initial constructs                                          ; Off                ; Off                ;
; Iteration limit for constant Verilog loops                                 ; 5000               ; 5000               ;
; Iteration limit for non-constant Verilog loops                             ; 250                ; 250                ;
; Add Pass-Through Logic to Inferred RAMs                                    ; On                 ; On                 ;
; Infer RAMs from Raw Logic                                                  ; On                 ; On                 ;
; Parallel Synthesis                                                         ; On                 ; On                 ;
; DSP Block Balancing                                                        ; Auto               ; Auto               ;
; NOT Gate Push-Back                                                         ; On                 ; On                 ;
; Power-Up Don't Care                                                        ; On                 ; On                 ;
; Remove Redundant Logic Cells                                               ; Off                ; Off                ;
; Remove Duplicate Registers                                                 ; On                 ; On                 ;
; Ignore CARRY Buffers                                                       ; Off                ; Off                ;
; Ignore CASCADE Buffers                                                     ; Off                ; Off                ;
; Ignore GLOBAL Buffers                                                      ; Off                ; Off                ;
; Ignore ROW GLOBAL Buffers                                                  ; Off                ; Off                ;
; Ignore LCELL Buffers                                                       ; Off                ; Off                ;
; Ignore SOFT Buffers                                                        ; On                 ; On                 ;
; Limit AHDL Integers to 32 Bits                                             ; Off                ; Off                ;
; Optimization Technique                                                     ; Balanced           ; Balanced           ;
; Carry Chain Length                                                         ; 70                 ; 70                 ;
; Auto Carry Chains                                                          ; On                 ; On                 ;
; Auto Open-Drain Pins                                                       ; On                 ; On                 ;
; Perform WYSIWYG Primitive Resynthesis                                      ; Off                ; Off                ;
; Auto ROM Replacement                                                       ; On                 ; On                 ;
; Auto RAM Replacement                                                       ; On                 ; On                 ;
; Auto DSP Block Replacement                                                 ; On                 ; On                 ;
; Auto Shift Register Replacement                                            ; Auto               ; Auto               ;
; Allow Shift Register Merging across Hierarchies                            ; Auto               ; Auto               ;
; Auto Clock Enable Replacement                                              ; On                 ; On                 ;
; Strict RAM Replacement                                                     ; Off                ; Off                ;
; Allow Synchronous Control Signals                                          ; On                 ; On                 ;
; Force Use of Synchronous Clear Signals                                     ; Off                ; Off                ;
; Auto RAM Block Balancing                                                   ; On                 ; On                 ;
; Auto RAM to Logic Cell Conversion                                          ; Off                ; Off                ;
; Auto Resource Sharing                                                      ; Off                ; Off                ;
; Allow Any RAM Size For Recognition                                         ; Off                ; Off                ;
; Allow Any ROM Size For Recognition                                         ; Off                ; Off                ;
; Allow Any Shift Register Size For Recognition                              ; Off                ; Off                ;
; Use LogicLock Constraints during Resource Balancing                        ; On                 ; On                 ;
; Ignore translate_off and synthesis_off directives                          ; Off                ; Off                ;
; Timing-Driven Synthesis                                                    ; On                 ; On                 ;
; Report Parameter Settings                                                  ; On                 ; On                 ;
; Report Source Assignments                                                  ; On                 ; On                 ;
; Report Connectivity Checks                                                 ; On                 ; On                 ;
; Ignore Maximum Fan-Out Assignments                                         ; Off                ; Off                ;
; Synchronization Register Chain Length                                      ; 2                  ; 2                  ;
; PowerPlay Power Optimization During Synthesis                              ; Normal compilation ; Normal compilation ;
; HDL message level                                                          ; Level2             ; Level2             ;
; Suppress Register Optimization Related Messages                            ; Off                ; Off                ;
; Number of Removed Registers Reported in Synthesis Report                   ; 5000               ; 5000               ;
; Number of Swept Nodes Reported in Synthesis Report                         ; 5000               ; 5000               ;
; Number of Inverted Registers Reported in Synthesis Report                  ; 100                ; 100                ;
; Clock MUX Protection                                                       ; On                 ; On                 ;
; Auto Gated Clock Conversion                                                ; Off                ; Off                ;
; Block Design Naming                                                        ; Auto               ; Auto               ;
; SDC constraint protection                                                  ; Off                ; Off                ;
; Synthesis Effort                                                           ; Auto               ; Auto               ;
; Shift Register Replacement - Allow Asynchronous Clear Signal               ; On                 ; On                 ;
; Pre-Mapping Resynthesis Optimization                                       ; Off                ; Off                ;
; Analysis & Synthesis Message Level                                         ; Medium             ; Medium             ;
; Disable Register Merging Across Hierarchies                                ; Auto               ; Auto               ;
; Resource Aware Inference For Block RAM                                     ; On                 ; On                 ;
+----------------------------------------------------------------------------+--------------------+--------------------+


+------------------------------------------+
; Parallel Compilation                     ;
+----------------------------+-------------+
; Processors                 ; Number      ;
+----------------------------+-------------+
; Number detected on machine ; 4           ;
; Maximum allowed            ; 2           ;
;                            ;             ;
; Average used               ; 1.00        ;
; Maximum used               ; 1           ;
;                            ;             ;
; Usage by Processor         ; % Time Used ;
;     Processor 1            ; 100.0%      ;
+----------------------------+-------------+


+-------------------------------------------------------------------------------------------------------------------------------------+
; Analysis & Synthesis Source Files Read                                                                                              ;
+----------------------------------+-----------------+------------------------+---------------------------------------------+---------+
; File Name with User-Entered Path ; Used in Netlist ; File Type              ; File Name with Absolute Path                ; Library ;
+----------------------------------+-----------------+------------------------+---------------------------------------------+---------+
; bcdDecoder.v                     ; yes             ; User Verilog HDL File  ; F:/Work/FPGA/Board/Lab4/P5/bcdDecoder.v     ;         ;
; muxer.v                          ; yes             ; User Verilog HDL File  ; F:/Work/FPGA/Board/Lab4/P5/muxer.v          ;         ;
; muxer_3_5_1.v                    ; yes             ; User Verilog HDL File  ; F:/Work/FPGA/Board/Lab4/P5/muxer_3_5_1.v    ;         ;
; muxer_5_1.v                      ; yes             ; User Verilog HDL File  ; F:/Work/FPGA/Board/Lab4/P5/muxer_5_1.v      ;         ;
; p5.v                             ; yes             ; User Verilog HDL File  ; F:/Work/FPGA/Board/Lab4/P5/p5.v             ;         ;
; bcdCounter.v                     ; yes             ; User Verilog HDL File  ; F:/Work/FPGA/Board/Lab4/P5/bcdCounter.v     ;         ;
; secondsCounter.v                 ; yes             ; User Verilog HDL File  ; F:/Work/FPGA/Board/Lab4/P5/secondsCounter.v ;         ;
+----------------------------------+-----------------+------------------------+---------------------------------------------+---------+


+-----------------------------------------------------+
; Analysis & Synthesis Resource Usage Summary         ;
+---------------------------------------------+-------+
; Resource                                    ; Usage ;
+---------------------------------------------+-------+
;                                             ;       ;
; Total combinational functions               ; 0     ;
; Logic element usage by number of LUT inputs ;       ;
;     -- 4 input functions                    ; 0     ;
;     -- 3 input functions                    ; 0     ;
;     -- <=2 input functions                  ; 0     ;
;                                             ;       ;
; Logic elements by mode                      ;       ;
;     -- normal mode                          ; 0     ;
;     -- arithmetic mode                      ; 0     ;
;                                             ;       ;
; Total registers                             ; 0     ;
;     -- Dedicated logic registers            ; 0     ;
;     -- I/O registers                        ; 0     ;
;                                             ;       ;
; I/O pins                                    ; 36    ;
;                                             ;       ;
; Embedded Multiplier 9-bit elements          ; 0     ;
;                                             ;       ;
; Maximum fan-out node                        ; CLK   ;
; Maximum fan-out                             ; 1     ;
; Total fan-out                               ; 36    ;
; Average fan-out                             ; 0.50  ;
+---------------------------------------------+-------+


+----------------------------------------------------------------------------------------------------------------------------------------------------------------------------------------------------------+
; Analysis & Synthesis Resource Utilization by Entity                                                                                                                                                      ;
+----------------------------+---------------------+---------------------------+-------------+--------------+---------+-----------+------+--------------+---------------------+-------------+--------------+
; Compilation Hierarchy Node ; Combinational ALUTs ; Dedicated Logic Registers ; Memory Bits ; DSP Elements ; DSP 9x9 ; DSP 18x18 ; Pins ; Virtual Pins ; Full Hierarchy Name ; Entity Name ; Library Name ;
+----------------------------+---------------------+---------------------------+-------------+--------------+---------+-----------+------+--------------+---------------------+-------------+--------------+
; |p5                        ; 0 (0)               ; 0 (0)                     ; 0           ; 0            ; 0       ; 0         ; 36   ; 0            ; |p5                 ; p5          ; work         ;
+----------------------------+---------------------+---------------------------+-------------+--------------+---------+-----------+------+--------------+---------------------+-------------+--------------+
Note: For table entries with two numbers listed, the numbers in parentheses indicate the number of resources of the given type used by the specific entity alone. The numbers listed outside of parentheses indicate the total resources of the given type used by the specific entity and all of its sub-entities in the hierarchy.


+------------------------------------------------------+
; General Register Statistics                          ;
+----------------------------------------------+-------+
; Statistic                                    ; Value ;
+----------------------------------------------+-------+
; Total registers                              ; 0     ;
; Number of registers using Synchronous Clear  ; 0     ;
; Number of registers using Synchronous Load   ; 0     ;
; Number of registers using Asynchronous Clear ; 0     ;
; Number of registers using Asynchronous Load  ; 0     ;
; Number of registers using Clock Enable       ; 0     ;
; Number of registers using Preset             ; 0     ;
+----------------------------------------------+-------+


+----------------------------------------------------------------------------------------------------------------+
; Port Connectivity Checks: "muxer_3_5_1:mux4"                                                                   ;
+------+--------+----------+-------------------------------------------------------------------------------------+
; Port ; Type   ; Severity ; Details                                                                             ;
+------+--------+----------+-------------------------------------------------------------------------------------+
; LEDs ; Output ; Info     ; Connected to dangling logic. Logic that only feeds a dangling port will be removed. ;
+------+--------+----------+-------------------------------------------------------------------------------------+


+----------------------------------------------------------------------------------------------------------------+
; Port Connectivity Checks: "muxer_3_5_1:mux3"                                                                   ;
+------+--------+----------+-------------------------------------------------------------------------------------+
; Port ; Type   ; Severity ; Details                                                                             ;
+------+--------+----------+-------------------------------------------------------------------------------------+
; LEDs ; Output ; Info     ; Connected to dangling logic. Logic that only feeds a dangling port will be removed. ;
+------+--------+----------+-------------------------------------------------------------------------------------+


+----------------------------------------------------------------------------------------------------------------+
; Port Connectivity Checks: "muxer_3_5_1:mux2"                                                                   ;
+------+--------+----------+-------------------------------------------------------------------------------------+
; Port ; Type   ; Severity ; Details                                                                             ;
+------+--------+----------+-------------------------------------------------------------------------------------+
; LEDs ; Output ; Info     ; Connected to dangling logic. Logic that only feeds a dangling port will be removed. ;
+------+--------+----------+-------------------------------------------------------------------------------------+


+----------------------------------------------------------------------------------------------------------------+
; Port Connectivity Checks: "muxer_3_5_1:mux1"                                                                   ;
+------+--------+----------+-------------------------------------------------------------------------------------+
; Port ; Type   ; Severity ; Details                                                                             ;
+------+--------+----------+-------------------------------------------------------------------------------------+
; LEDs ; Output ; Info     ; Connected to dangling logic. Logic that only feeds a dangling port will be removed. ;
+------+--------+----------+-------------------------------------------------------------------------------------+


+----------------------------------------------------------------------------------------------------------------+
; Port Connectivity Checks: "muxer_3_5_1:mux0"                                                                   ;
+------+--------+----------+-------------------------------------------------------------------------------------+
; Port ; Type   ; Severity ; Details                                                                             ;
+------+--------+----------+-------------------------------------------------------------------------------------+
; LEDs ; Output ; Info     ; Connected to dangling logic. Logic that only feeds a dangling port will be removed. ;
+------+--------+----------+-------------------------------------------------------------------------------------+


+-----------------------------------------------------+
; Post-Synthesis Netlist Statistics for Top Partition ;
+-----------------------+-----------------------------+
; Type                  ; Count                       ;
+-----------------------+-----------------------------+
; boundary_port         ; 36                          ;
; cycloneiii_lcell_comb ; 2                           ;
;     normal            ; 2                           ;
;         0 data inputs ; 2                           ;
;                       ;                             ;
; Max LUT depth         ; 0.00                        ;
; Average LUT depth     ; 0.00                        ;
+-----------------------+-----------------------------+


+-------------------------------+
; Elapsed Time Per Partition    ;
+----------------+--------------+
; Partition Name ; Elapsed Time ;
+----------------+--------------+
; Top            ; 00:00:00     ;
+----------------+--------------+


+-------------------------------+
; Analysis & Synthesis Messages ;
+-------------------------------+
Info: *******************************************************************
Info: Running Quartus Prime Analysis & Synthesis
    Info: Version 16.1.0 Build 196 10/24/2016 SJ Lite Edition
    Info: Processing started: Sun Feb 26 14:42:44 2017
Info: Command: quartus_map --read_settings_files=on --write_settings_files=off p5 -c p5
Warning (18236): Number of processors has not been specified which may cause overloading on shared machines.  Set the global assignment NUM_PARALLEL_PROCESSORS in your QSF to an appropriate value for best performance.
Info (20030): Parallel compilation is enabled and will use 2 of the 2 processors detected
Info (12021): Found 1 design units, including 1 entities, in source file bcddecoder.v
    Info (12023): Found entity 1: bcdDecoder File: F:/Work/FPGA/Board/Lab4/P5/bcdDecoder.v Line: 1
Info (12021): Found 1 design units, including 1 entities, in source file muxer.v
    Info (12023): Found entity 1: muxer File: F:/Work/FPGA/Board/Lab4/P5/muxer.v Line: 1
Info (12021): Found 1 design units, including 1 entities, in source file muxer_3_5_1.v
    Info (12023): Found entity 1: muxer_3_5_1 File: F:/Work/FPGA/Board/Lab4/P5/muxer_3_5_1.v Line: 1
Info (12021): Found 1 design units, including 1 entities, in source file muxer_5_1.v
    Info (12023): Found entity 1: muxer_5_1 File: F:/Work/FPGA/Board/Lab4/P5/muxer_5_1.v Line: 1
Info (12021): Found 1 design units, including 1 entities, in source file p5.v
    Info (12023): Found entity 1: p5 File: F:/Work/FPGA/Board/Lab4/P5/p5.v Line: 1
Info (12021): Found 1 design units, including 1 entities, in source file bcdcounter.v
    Info (12023): Found entity 1: bcdCounter File: F:/Work/FPGA/Board/Lab4/P5/bcdCounter.v Line: 1
Info (12021): Found 1 design units, including 1 entities, in source file secondscounter.v
    Info (12023): Found entity 1: secondsCounter File: F:/Work/FPGA/Board/Lab4/P5/secondsCounter.v Line: 1
Critical Warning (10846): Verilog HDL Instantiation warning at p5.v(93): instance has no name File: F:/Work/FPGA/Board/Lab4/P5/p5.v Line: 93
Info (12127): Elaborating entity "p5" for the top level hierarchy
Info (12128): Elaborating entity "bcdDecoder" for hierarchy "bcdDecoder:bcd0" File: F:/Work/FPGA/Board/Lab4/P5/p5.v Line: 22
Info (12128): Elaborating entity "muxer_3_5_1" for hierarchy "muxer_3_5_1:mux0" File: F:/Work/FPGA/Board/Lab4/P5/p5.v Line: 48
Info (12128): Elaborating entity "muxer_5_1" for hierarchy "muxer_3_5_1:mux0|muxer_5_1:muxA" File: F:/Work/FPGA/Board/Lab4/P5/muxer_3_5_1.v Line: 21
Info (12128): Elaborating entity "muxer" for hierarchy "muxer_3_5_1:mux0|muxer_5_1:muxA|muxer:muxA" File: F:/Work/FPGA/Board/Lab4/P5/muxer_5_1.v Line: 17
Info (12128): Elaborating entity "secondsCounter" for hierarchy "secondsCounter:comb_3" File: F:/Work/FPGA/Board/Lab4/P5/p5.v Line: 93
Warning (10230): Verilog HDL assignment warning at secondsCounter.v(13): truncated value with size 32 to match size of target (27) File: F:/Work/FPGA/Board/Lab4/P5/secondsCounter.v Line: 13
Info (12128): Elaborating entity "bcdCounter" for hierarchy "bcdCounter:counter" File: F:/Work/FPGA/Board/Lab4/P5/p5.v Line: 98
Warning (10230): Verilog HDL assignment warning at bcdCounter.v(19): truncated value with size 32 to match size of target (3) File: F:/Work/FPGA/Board/Lab4/P5/bcdCounter.v Line: 19
Warning (12011): Net is missing source, defaulting to GND
    Warning (12110): Net "s5[2]" is missing source, defaulting to GND File: F:/Work/FPGA/Board/Lab4/P5/p5.v Line: 9
    Warning (12110): Net "s5[1]" is missing source, defaulting to GND File: F:/Work/FPGA/Board/Lab4/P5/p5.v Line: 9
    Warning (12110): Net "s5[0]" is missing source, defaulting to GND File: F:/Work/FPGA/Board/Lab4/P5/p5.v Line: 9
Warning (12011): Net is missing source, defaulting to GND
    Warning (12110): Net "s4[2]" is missing source, defaulting to GND File: F:/Work/FPGA/Board/Lab4/P5/p5.v Line: 9
    Warning (12110): Net "s4[1]" is missing source, defaulting to GND File: F:/Work/FPGA/Board/Lab4/P5/p5.v Line: 9
    Warning (12110): Net "s4[0]" is missing source, defaulting to GND File: F:/Work/FPGA/Board/Lab4/P5/p5.v Line: 9
    Warning (12110): Net "s5[2]" is missing source, defaulting to GND File: F:/Work/FPGA/Board/Lab4/P5/p5.v Line: 9
    Warning (12110): Net "s5[1]" is missing source, defaulting to GND File: F:/Work/FPGA/Board/Lab4/P5/p5.v Line: 9
    Warning (12110): Net "s5[0]" is missing source, defaulting to GND File: F:/Work/FPGA/Board/Lab4/P5/p5.v Line: 9
Warning (12011): Net is missing source, defaulting to GND
    Warning (12110): Net "s3[2]" is missing source, defaulting to GND File: F:/Work/FPGA/Board/Lab4/P5/p5.v Line: 9
    Warning (12110): Net "s3[1]" is missing source, defaulting to GND File: F:/Work/FPGA/Board/Lab4/P5/p5.v Line: 9
    Warning (12110): Net "s3[0]" is missing source, defaulting to GND File: F:/Work/FPGA/Board/Lab4/P5/p5.v Line: 9
    Warning (12110): Net "s4[2]" is missing source, defaulting to GND File: F:/Work/FPGA/Board/Lab4/P5/p5.v Line: 9
    Warning (12110): Net "s4[1]" is missing source, defaulting to GND File: F:/Work/FPGA/Board/Lab4/P5/p5.v Line: 9
    Warning (12110): Net "s4[0]" is missing source, defaulting to GND File: F:/Work/FPGA/Board/Lab4/P5/p5.v Line: 9
    Warning (12110): Net "s5[2]" is missing source, defaulting to GND File: F:/Work/FPGA/Board/Lab4/P5/p5.v Line: 9
    Warning (12110): Net "s5[1]" is missing source, defaulting to GND File: F:/Work/FPGA/Board/Lab4/P5/p5.v Line: 9
    Warning (12110): Net "s5[0]" is missing source, defaulting to GND File: F:/Work/FPGA/Board/Lab4/P5/p5.v Line: 9
Warning (12011): Net is missing source, defaulting to GND
    Warning (12110): Net "s2[2]" is missing source, defaulting to GND File: F:/Work/FPGA/Board/Lab4/P5/p5.v Line: 9
    Warning (12110): Net "s2[1]" is missing source, defaulting to GND File: F:/Work/FPGA/Board/Lab4/P5/p5.v Line: 9
    Warning (12110): Net "s2[0]" is missing source, defaulting to GND File: F:/Work/FPGA/Board/Lab4/P5/p5.v Line: 9
    Warning (12110): Net "s3[2]" is missing source, defaulting to GND File: F:/Work/FPGA/Board/Lab4/P5/p5.v Line: 9
    Warning (12110): Net "s3[1]" is missing source, defaulting to GND File: F:/Work/FPGA/Board/Lab4/P5/p5.v Line: 9
    Warning (12110): Net "s3[0]" is missing source, defaulting to GND File: F:/Work/FPGA/Board/Lab4/P5/p5.v Line: 9
    Warning (12110): Net "s4[2]" is missing source, defaulting to GND File: F:/Work/FPGA/Board/Lab4/P5/p5.v Line: 9
    Warning (12110): Net "s4[1]" is missing source, defaulting to GND File: F:/Work/FPGA/Board/Lab4/P5/p5.v Line: 9
    Warning (12110): Net "s4[0]" is missing source, defaulting to GND File: F:/Work/FPGA/Board/Lab4/P5/p5.v Line: 9
    Warning (12110): Net "s5[2]" is missing source, defaulting to GND File: F:/Work/FPGA/Board/Lab4/P5/p5.v Line: 9
    Warning (12110): Net "s5[1]" is missing source, defaulting to GND File: F:/Work/FPGA/Board/Lab4/P5/p5.v Line: 9
    Warning (12110): Net "s5[0]" is missing source, defaulting to GND File: F:/Work/FPGA/Board/Lab4/P5/p5.v Line: 9
Warning (12011): Net is missing source, defaulting to GND
    Warning (12110): Net "s1[2]" is missing source, defaulting to GND File: F:/Work/FPGA/Board/Lab4/P5/p5.v Line: 9
    Warning (12110): Net "s1[1]" is missing source, defaulting to GND File: F:/Work/FPGA/Board/Lab4/P5/p5.v Line: 9
    Warning (12110): Net "s1[0]" is missing source, defaulting to GND File: F:/Work/FPGA/Board/Lab4/P5/p5.v Line: 9
    Warning (12110): Net "s2[2]" is missing source, defaulting to GND File: F:/Work/FPGA/Board/Lab4/P5/p5.v Line: 9
    Warning (12110): Net "s2[1]" is missing source, defaulting to GND File: F:/Work/FPGA/Board/Lab4/P5/p5.v Line: 9
    Warning (12110): Net "s2[0]" is missing source, defaulting to GND File: F:/Work/FPGA/Board/Lab4/P5/p5.v Line: 9
    Warning (12110): Net "s3[2]" is missing source, defaulting to GND File: F:/Work/FPGA/Board/Lab4/P5/p5.v Line: 9
    Warning (12110): Net "s3[1]" is missing source, defaulting to GND File: F:/Work/FPGA/Board/Lab4/P5/p5.v Line: 9
    Warning (12110): Net "s3[0]" is missing source, defaulting to GND File: F:/Work/FPGA/Board/Lab4/P5/p5.v Line: 9
    Warning (12110): Net "s4[2]" is missing source, defaulting to GND File: F:/Work/FPGA/Board/Lab4/P5/p5.v Line: 9
    Warning (12110): Net "s4[1]" is missing source, defaulting to GND File: F:/Work/FPGA/Board/Lab4/P5/p5.v Line: 9
    Warning (12110): Net "s4[0]" is missing source, defaulting to GND File: F:/Work/FPGA/Board/Lab4/P5/p5.v Line: 9
    Warning (12110): Net "s5[2]" is missing source, defaulting to GND File: F:/Work/FPGA/Board/Lab4/P5/p5.v Line: 9
    Warning (12110): Net "s5[1]" is missing source, defaulting to GND File: F:/Work/FPGA/Board/Lab4/P5/p5.v Line: 9
    Warning (12110): Net "s5[0]" is missing source, defaulting to GND File: F:/Work/FPGA/Board/Lab4/P5/p5.v Line: 9
Warning (13024): Output pins are stuck at VCC or GND
    Warning (13410): Pin "LEDs[0]" is stuck at VCC File: F:/Work/FPGA/Board/Lab4/P5/p5.v Line: 5
    Warning (13410): Pin "LEDs[1]" is stuck at GND File: F:/Work/FPGA/Board/Lab4/P5/p5.v Line: 5
    Warning (13410): Pin "LEDs[2]" is stuck at GND File: F:/Work/FPGA/Board/Lab4/P5/p5.v Line: 5
    Warning (13410): Pin "LEDs[3]" is stuck at VCC File: F:/Work/FPGA/Board/Lab4/P5/p5.v Line: 5
    Warning (13410): Pin "LEDs[4]" is stuck at GND File: F:/Work/FPGA/Board/Lab4/P5/p5.v Line: 5
    Warning (13410): Pin "LEDs[5]" is stuck at GND File: F:/Work/FPGA/Board/Lab4/P5/p5.v Line: 5
    Warning (13410): Pin "LEDs[6]" is stuck at GND File: F:/Work/FPGA/Board/Lab4/P5/p5.v Line: 5
    Warning (13410): Pin "LEDs[7]" is stuck at VCC File: F:/Work/FPGA/Board/Lab4/P5/p5.v Line: 5
    Warning (13410): Pin "LEDs[8]" is stuck at GND File: F:/Work/FPGA/Board/Lab4/P5/p5.v Line: 5
    Warning (13410): Pin "LEDs[9]" is stuck at GND File: F:/Work/FPGA/Board/Lab4/P5/p5.v Line: 5
    Warning (13410): Pin "LEDs[10]" is stuck at VCC File: F:/Work/FPGA/Board/Lab4/P5/p5.v Line: 5
    Warning (13410): Pin "LEDs[11]" is stuck at GND File: F:/Work/FPGA/Board/Lab4/P5/p5.v Line: 5
    Warning (13410): Pin "LEDs[12]" is stuck at GND File: F:/Work/FPGA/Board/Lab4/P5/p5.v Line: 5
    Warning (13410): Pin "LEDs[13]" is stuck at GND File: F:/Work/FPGA/Board/Lab4/P5/p5.v Line: 5
    Warning (13410): Pin "LEDs[14]" is stuck at VCC File: F:/Work/FPGA/Board/Lab4/P5/p5.v Line: 5
    Warning (13410): Pin "LEDs[15]" is stuck at GND File: F:/Work/FPGA/Board/Lab4/P5/p5.v Line: 5
    Warning (13410): Pin "LEDs[16]" is stuck at GND File: F:/Work/FPGA/Board/Lab4/P5/p5.v Line: 5
    Warning (13410): Pin "LEDs[17]" is stuck at VCC File: F:/Work/FPGA/Board/Lab4/P5/p5.v Line: 5
    Warning (13410): Pin "LEDs[18]" is stuck at GND File: F:/Work/FPGA/Board/Lab4/P5/p5.v Line: 5
    Warning (13410): Pin "LEDs[19]" is stuck at GND File: F:/Work/FPGA/Board/Lab4/P5/p5.v Line: 5
    Warning (13410): Pin "LEDs[20]" is stuck at GND File: F:/Work/FPGA/Board/Lab4/P5/p5.v Line: 5
    Warning (13410): Pin "LEDs[21]" is stuck at VCC File: F:/Work/FPGA/Board/Lab4/P5/p5.v Line: 5
    Warning (13410): Pin "LEDs[22]" is stuck at GND File: F:/Work/FPGA/Board/Lab4/P5/p5.v Line: 5
    Warning (13410): Pin "LEDs[23]" is stuck at GND File: F:/Work/FPGA/Board/Lab4/P5/p5.v Line: 5
    Warning (13410): Pin "LEDs[24]" is stuck at VCC File: F:/Work/FPGA/Board/Lab4/P5/p5.v Line: 5
    Warning (13410): Pin "LEDs[25]" is stuck at GND File: F:/Work/FPGA/Board/Lab4/P5/p5.v Line: 5
    Warning (13410): Pin "LEDs[26]" is stuck at GND File: F:/Work/FPGA/Board/Lab4/P5/p5.v Line: 5
    Warning (13410): Pin "LEDs[27]" is stuck at GND File: F:/Work/FPGA/Board/Lab4/P5/p5.v Line: 5
    Warning (13410): Pin "LEDs[28]" is stuck at VCC File: F:/Work/FPGA/Board/Lab4/P5/p5.v Line: 5
    Warning (13410): Pin "LEDs[29]" is stuck at GND File: F:/Work/FPGA/Board/Lab4/P5/p5.v Line: 5
    Warning (13410): Pin "LEDs[30]" is stuck at GND File: F:/Work/FPGA/Board/Lab4/P5/p5.v Line: 5
    Warning (13410): Pin "LEDs[31]" is stuck at VCC File: F:/Work/FPGA/Board/Lab4/P5/p5.v Line: 5
    Warning (13410): Pin "LEDs[32]" is stuck at GND File: F:/Work/FPGA/Board/Lab4/P5/p5.v Line: 5
    Warning (13410): Pin "LEDs[33]" is stuck at GND File: F:/Work/FPGA/Board/Lab4/P5/p5.v Line: 5
    Warning (13410): Pin "LEDs[34]" is stuck at GND File: F:/Work/FPGA/Board/Lab4/P5/p5.v Line: 5
Info (16010): Generating hard_block partition "hard_block:auto_generated_inst"
    Info (16011): Adding 0 node(s), including 0 DDIO, 0 PLL, 0 transceiver and 0 LCELL
Warning (21074): Design contains 1 input pin(s) that do not drive logic
    Warning (15610): No output dependent on input pin "CLK" File: F:/Work/FPGA/Board/Lab4/P5/p5.v Line: 4
Info (21057): Implemented 36 device resources after synthesis - the final resource count might be different
    Info (21058): Implemented 1 input pins
    Info (21059): Implemented 35 output pins
Info: Quartus Prime Analysis & Synthesis was successful. 0 errors, 92 warnings
    Info: Peak virtual memory: 585 megabytes
    Info: Processing ended: Sun Feb 26 14:42:54 2017
    Info: Elapsed time: 00:00:10
    Info: Total CPU time (on all processors): 00:00:24


