Analysis & Synthesis report for p6
Tue Apr 25 05:46:43 2017
Quartus Prime Version 16.1.0 Build 196 10/24/2016 SJ Lite Edition


---------------------
; Table of Contents ;
---------------------
  1. Legal Notice
  2. Analysis & Synthesis Summary
  3. Analysis & Synthesis Settings
  4. Parallel Compilation
  5. Analysis & Synthesis Source Files Read
  6. Analysis & Synthesis Resource Usage Summary
  7. Analysis & Synthesis Resource Utilization by Entity
  8. Analysis & Synthesis RAM Summary
  9. Analysis & Synthesis IP Cores Summary
 10. Registers Removed During Synthesis
 11. General Register Statistics
 12. Inverted Register Statistics
 13. Multiplexer Restructuring Statistics (Restructuring Performed)
 14. Source assignments for ramlpm:RAM|altsyncram:altsyncram_component|altsyncram_d6l1:auto_generated|altsyncram_reb2:altsyncram1
 15. Parameter Settings for User Entity Instance: ramlpm:RAM|altsyncram:altsyncram_component
 16. Parameter Settings for User Entity Instance: secondsCounter:Scroller
 17. altsyncram Parameter Settings by Entity Instance
 18. In-System Memory Content Editor Settings
 19. Post-Synthesis Netlist Statistics for Top Partition
 20. Elapsed Time Per Partition
 21. Analysis & Synthesis Messages
 22. Analysis & Synthesis Suppressed Messages



----------------
; Legal Notice ;
----------------
Copyright (C) 2016  Intel Corporation. All rights reserved.
Your use of Intel Corporation's design tools, logic functions 
and other software and tools, and its AMPP partner logic 
functions, and any output files from any of the foregoing 
(including device programming or simulation files), and any 
associated documentation or information are expressly subject 
to the terms and conditions of the Intel Program License 
Subscription Agreement, the Intel Quartus Prime License Agreement,
the Intel MegaCore Function License Agreement, or other 
applicable license agreement, including, without limitation, 
that your use is for the sole purpose of programming logic 
devices manufactured by Intel and sold by Intel or its 
authorized distributors.  Please refer to the applicable 
agreement for further details.



+----------------------------------------------------------------------------------+
; Analysis & Synthesis Summary                                                     ;
+------------------------------------+---------------------------------------------+
; Analysis & Synthesis Status        ; Successful - Tue Apr 25 05:46:43 2017       ;
; Quartus Prime Version              ; 16.1.0 Build 196 10/24/2016 SJ Lite Edition ;
; Revision Name                      ; p6                                          ;
; Top-level Entity Name              ; p6                                          ;
; Family                             ; Cyclone IV E                                ;
; Total logic elements               ; 268                                         ;
;     Total combinational functions  ; 238                                         ;
;     Dedicated logic registers      ; 152                                         ;
; Total registers                    ; 152                                         ;
; Total pins                         ; 39                                          ;
; Total virtual pins                 ; 0                                           ;
; Total memory bits                  ; 256                                         ;
; Embedded Multiplier 9-bit elements ; 0                                           ;
; Total PLLs                         ; 0                                           ;
+------------------------------------+---------------------------------------------+


+----------------------------------------------------------------------------------------------------------------------+
; Analysis & Synthesis Settings                                                                                        ;
+----------------------------------------------------------------------------+--------------------+--------------------+
; Option                                                                     ; Setting            ; Default Value      ;
+----------------------------------------------------------------------------+--------------------+--------------------+
; Device                                                                     ; EP4CE115F29C7      ;                    ;
; Top-level entity name                                                      ; p6                 ; p6                 ;
; Family name                                                                ; Cyclone IV E       ; Cyclone V          ;
; Use smart compilation                                                      ; Off                ; Off                ;
; Enable parallel Assembler and TimeQuest Timing Analyzer during compilation ; On                 ; On                 ;
; Enable compact report table                                                ; Off                ; Off                ;
; Restructure Multiplexers                                                   ; Auto               ; Auto               ;
; Create Debugging Nodes for IP Cores                                        ; Off                ; Off                ;
; Preserve fewer node names                                                  ; On                 ; On                 ;
; OpenCore Plus hardware evaluation                                          ; Enable             ; Enable             ;
; Verilog Version                                                            ; Verilog_2001       ; Verilog_2001       ;
; VHDL Version                                                               ; VHDL_1993          ; VHDL_1993          ;
; State Machine Processing                                                   ; Auto               ; Auto               ;
; Safe State Machine                                                         ; Off                ; Off                ;
; Extract Verilog State Machines                                             ; On                 ; On                 ;
; Extract VHDL State Machines                                                ; On                 ; On                 ;
; Ignore Verilog initial constructs                                          ; Off                ; Off                ;
; Iteration limit for constant Verilog loops                                 ; 5000               ; 5000               ;
; Iteration limit for non-constant Verilog loops                             ; 250                ; 250                ;
; Add Pass-Through Logic to Inferred RAMs                                    ; On                 ; On                 ;
; Infer RAMs from Raw Logic                                                  ; On                 ; On                 ;
; Parallel Synthesis                                                         ; On                 ; On                 ;
; DSP Block Balancing                                                        ; Auto               ; Auto               ;
; NOT Gate Push-Back                                                         ; On                 ; On                 ;
; Power-Up Don't Care                                                        ; On                 ; On                 ;
; Remove Redundant Logic Cells                                               ; Off                ; Off                ;
; Remove Duplicate Registers                                                 ; On                 ; On                 ;
; Ignore CARRY Buffers                                                       ; Off                ; Off                ;
; Ignore CASCADE Buffers                                                     ; Off                ; Off                ;
; Ignore GLOBAL Buffers                                                      ; Off                ; Off                ;
; Ignore ROW GLOBAL Buffers                                                  ; Off                ; Off                ;
; Ignore LCELL Buffers                                                       ; Off                ; Off                ;
; Ignore SOFT Buffers                                                        ; On                 ; On                 ;
; Limit AHDL Integers to 32 Bits                                             ; Off                ; Off                ;
; Optimization Technique                                                     ; Balanced           ; Balanced           ;
; Carry Chain Length                                                         ; 70                 ; 70                 ;
; Auto Carry Chains                                                          ; On                 ; On                 ;
; Auto Open-Drain Pins                                                       ; On                 ; On                 ;
; Perform WYSIWYG Primitive Resynthesis                                      ; Off                ; Off                ;
; Auto ROM Replacement                                                       ; On                 ; On                 ;
; Auto RAM Replacement                                                       ; On                 ; On                 ;
; Auto DSP Block Replacement                                                 ; On                 ; On                 ;
; Auto Shift Register Replacement                                            ; Auto               ; Auto               ;
; Allow Shift Register Merging across Hierarchies                            ; Auto               ; Auto               ;
; Auto Clock Enable Replacement                                              ; On                 ; On                 ;
; Strict RAM Replacement                                                     ; Off                ; Off                ;
; Allow Synchronous Control Signals                                          ; On                 ; On                 ;
; Force Use of Synchronous Clear Signals                                     ; Off                ; Off                ;
; Auto RAM Block Balancing                                                   ; On                 ; On                 ;
; Auto RAM to Logic Cell Conversion                                          ; Off                ; Off                ;
; Auto Resource Sharing                                                      ; Off                ; Off                ;
; Allow Any RAM Size For Recognition                                         ; Off                ; Off                ;
; Allow Any ROM Size For Recognition                                         ; Off                ; Off                ;
; Allow Any Shift Register Size For Recognition                              ; Off                ; Off                ;
; Use LogicLock Constraints during Resource Balancing                        ; On                 ; On                 ;
; Ignore translate_off and synthesis_off directives                          ; Off                ; Off                ;
; Timing-Driven Synthesis                                                    ; On                 ; On                 ;
; Report Parameter Settings                                                  ; On                 ; On                 ;
; Report Source Assignments                                                  ; On                 ; On                 ;
; Report Connectivity Checks                                                 ; On                 ; On                 ;
; Ignore Maximum Fan-Out Assignments                                         ; Off                ; Off                ;
; Synchronization Register Chain Length                                      ; 2                  ; 2                  ;
; PowerPlay Power Optimization During Synthesis                              ; Normal compilation ; Normal compilation ;
; HDL message level                                                          ; Level2             ; Level2             ;
; Suppress Register Optimization Related Messages                            ; Off                ; Off                ;
; Number of Removed Registers Reported in Synthesis Report                   ; 5000               ; 5000               ;
; Number of Swept Nodes Reported in Synthesis Report                         ; 5000               ; 5000               ;
; Number of Inverted Registers Reported in Synthesis Report                  ; 100                ; 100                ;
; Clock MUX Protection                                                       ; On                 ; On                 ;
; Auto Gated Clock Conversion                                                ; Off                ; Off                ;
; Block Design Naming                                                        ; Auto               ; Auto               ;
; SDC constraint protection                                                  ; Off                ; Off                ;
; Synthesis Effort                                                           ; Auto               ; Auto               ;
; Shift Register Replacement - Allow Asynchronous Clear Signal               ; On                 ; On                 ;
; Pre-Mapping Resynthesis Optimization                                       ; Off                ; Off                ;
; Analysis & Synthesis Message Level                                         ; Medium             ; Medium             ;
; Disable Register Merging Across Hierarchies                                ; Auto               ; Auto               ;
; Resource Aware Inference For Block RAM                                     ; On                 ; On                 ;
+----------------------------------------------------------------------------+--------------------+--------------------+


+------------------------------------------+
; Parallel Compilation                     ;
+----------------------------+-------------+
; Processors                 ; Number      ;
+----------------------------+-------------+
; Number detected on machine ; 4           ;
; Maximum allowed            ; 2           ;
;                            ;             ;
; Average used               ; 1.00        ;
; Maximum used               ; 2           ;
;                            ;             ;
; Usage by Processor         ; % Time Used ;
;     Processor 1            ; 100.0%      ;
;     Processor 2            ;   0.0%      ;
+----------------------------+-------------+


+---------------------------------------------------------------------------------------------------------------------------------------------------------------------------------------------------------------------------------------------------+
; Analysis & Synthesis Source Files Read                                                                                                                                                                                                            ;
+--------------------------------------------------------------------+-----------------+----------------------------------------------+-----------------------------------------------------------------------------------------------+-------------+
; File Name with User-Entered Path                                   ; Used in Netlist ; File Type                                    ; File Name with Absolute Path                                                                  ; Library     ;
+--------------------------------------------------------------------+-----------------+----------------------------------------------+-----------------------------------------------------------------------------------------------+-------------+
; muxer.v                                                            ; yes             ; User Verilog HDL File                        ; F:/Work/FPGA/Board/Lab8/P6/muxer.v                                                            ;             ;
; p6.v                                                               ; yes             ; User Verilog HDL File                        ; F:/Work/FPGA/Board/Lab8/P6/p6.v                                                               ;             ;
; ramlpm.v                                                           ; yes             ; User Wizard-Generated File                   ; F:/Work/FPGA/Board/Lab8/P6/ramlpm.v                                                           ;             ;
; HexaBCD.v                                                          ; yes             ; User Verilog HDL File                        ; F:/Work/FPGA/Board/Lab8/P6/HexaBCD.v                                                          ;             ;
; secondsCounter.v                                                   ; yes             ; User Verilog HDL File                        ; F:/Work/FPGA/Board/Lab8/P6/secondsCounter.v                                                   ;             ;
; altsyncram.tdf                                                     ; yes             ; Megafunction                                 ; c:/intelfpga_lite/16.1/quartus/libraries/megafunctions/altsyncram.tdf                         ;             ;
; stratix_ram_block.inc                                              ; yes             ; Megafunction                                 ; c:/intelfpga_lite/16.1/quartus/libraries/megafunctions/stratix_ram_block.inc                  ;             ;
; lpm_mux.inc                                                        ; yes             ; Megafunction                                 ; c:/intelfpga_lite/16.1/quartus/libraries/megafunctions/lpm_mux.inc                            ;             ;
; lpm_decode.inc                                                     ; yes             ; Megafunction                                 ; c:/intelfpga_lite/16.1/quartus/libraries/megafunctions/lpm_decode.inc                         ;             ;
; aglobal161.inc                                                     ; yes             ; Megafunction                                 ; c:/intelfpga_lite/16.1/quartus/libraries/megafunctions/aglobal161.inc                         ;             ;
; a_rdenreg.inc                                                      ; yes             ; Megafunction                                 ; c:/intelfpga_lite/16.1/quartus/libraries/megafunctions/a_rdenreg.inc                          ;             ;
; altrom.inc                                                         ; yes             ; Megafunction                                 ; c:/intelfpga_lite/16.1/quartus/libraries/megafunctions/altrom.inc                             ;             ;
; altram.inc                                                         ; yes             ; Megafunction                                 ; c:/intelfpga_lite/16.1/quartus/libraries/megafunctions/altram.inc                             ;             ;
; altdpram.inc                                                       ; yes             ; Megafunction                                 ; c:/intelfpga_lite/16.1/quartus/libraries/megafunctions/altdpram.inc                           ;             ;
; db/altsyncram_d6l1.tdf                                             ; yes             ; Auto-Generated Megafunction                  ; F:/Work/FPGA/Board/Lab8/P6/db/altsyncram_d6l1.tdf                                             ;             ;
; db/altsyncram_reb2.tdf                                             ; yes             ; Auto-Generated Megafunction                  ; F:/Work/FPGA/Board/Lab8/P6/db/altsyncram_reb2.tdf                                             ;             ;
; rammif.mif                                                         ; yes             ; Auto-Found Memory Initialization File        ; F:/Work/FPGA/Board/Lab8/P6/rammif.mif                                                         ;             ;
; sld_mod_ram_rom.vhd                                                ; yes             ; Encrypted Megafunction                       ; c:/intelfpga_lite/16.1/quartus/libraries/megafunctions/sld_mod_ram_rom.vhd                    ;             ;
; sld_jtag_endpoint_adapter.vhd                                      ; yes             ; Encrypted Megafunction                       ; c:/intelfpga_lite/16.1/quartus/libraries/megafunctions/sld_jtag_endpoint_adapter.vhd          ;             ;
; sld_jtag_endpoint_adapter_impl.sv                                  ; yes             ; Encrypted Megafunction                       ; c:/intelfpga_lite/16.1/quartus/libraries/megafunctions/sld_jtag_endpoint_adapter_impl.sv      ;             ;
; sld_rom_sr.vhd                                                     ; yes             ; Encrypted Megafunction                       ; c:/intelfpga_lite/16.1/quartus/libraries/megafunctions/sld_rom_sr.vhd                         ;             ;
; sld_hub.vhd                                                        ; yes             ; Encrypted Megafunction                       ; c:/intelfpga_lite/16.1/quartus/libraries/megafunctions/sld_hub.vhd                            ; altera_sld  ;
; db/ip/sld08000000/alt_sld_fab.v                                    ; yes             ; Encrypted Auto-Found Verilog HDL File        ; F:/Work/FPGA/Board/Lab8/P6/db/ip/sld08000000/alt_sld_fab.v                                    ; alt_sld_fab ;
; db/ip/sld08000000/submodules/alt_sld_fab_alt_sld_fab.v             ; yes             ; Encrypted Auto-Found Verilog HDL File        ; F:/Work/FPGA/Board/Lab8/P6/db/ip/sld08000000/submodules/alt_sld_fab_alt_sld_fab.v             ; alt_sld_fab ;
; db/ip/sld08000000/submodules/alt_sld_fab_alt_sld_fab_ident.sv      ; yes             ; Auto-Found SystemVerilog HDL File            ; F:/Work/FPGA/Board/Lab8/P6/db/ip/sld08000000/submodules/alt_sld_fab_alt_sld_fab_ident.sv      ; alt_sld_fab ;
; db/ip/sld08000000/submodules/alt_sld_fab_alt_sld_fab_presplit.sv   ; yes             ; Encrypted Auto-Found SystemVerilog HDL File  ; F:/Work/FPGA/Board/Lab8/P6/db/ip/sld08000000/submodules/alt_sld_fab_alt_sld_fab_presplit.sv   ; alt_sld_fab ;
; db/ip/sld08000000/submodules/alt_sld_fab_alt_sld_fab_sldfabric.vhd ; yes             ; Encrypted Auto-Found VHDL File               ; F:/Work/FPGA/Board/Lab8/P6/db/ip/sld08000000/submodules/alt_sld_fab_alt_sld_fab_sldfabric.vhd ; alt_sld_fab ;
; db/ip/sld08000000/submodules/alt_sld_fab_alt_sld_fab_splitter.sv   ; yes             ; Encrypted Auto-Found SystemVerilog HDL File  ; F:/Work/FPGA/Board/Lab8/P6/db/ip/sld08000000/submodules/alt_sld_fab_alt_sld_fab_splitter.sv   ; alt_sld_fab ;
; sld_jtag_hub.vhd                                                   ; yes             ; Encrypted Megafunction                       ; c:/intelfpga_lite/16.1/quartus/libraries/megafunctions/sld_jtag_hub.vhd                       ;             ;
+--------------------------------------------------------------------+-----------------+----------------------------------------------+-----------------------------------------------------------------------------------------------+-------------+


+------------------------------------------------------------------------+
; Analysis & Synthesis Resource Usage Summary                            ;
+---------------------------------------------+--------------------------+
; Resource                                    ; Usage                    ;
+---------------------------------------------+--------------------------+
; Estimated Total logic elements              ; 268                      ;
;                                             ;                          ;
; Total combinational functions               ; 238                      ;
; Logic element usage by number of LUT inputs ;                          ;
;     -- 4 input functions                    ; 113                      ;
;     -- 3 input functions                    ; 41                       ;
;     -- <=2 input functions                  ; 84                       ;
;                                             ;                          ;
; Logic elements by mode                      ;                          ;
;     -- normal mode                          ; 192                      ;
;     -- arithmetic mode                      ; 46                       ;
;                                             ;                          ;
; Total registers                             ; 152                      ;
;     -- Dedicated logic registers            ; 152                      ;
;     -- I/O registers                        ; 0                        ;
;                                             ;                          ;
; I/O pins                                    ; 39                       ;
; Total memory bits                           ; 256                      ;
;                                             ;                          ;
; Embedded Multiplier 9-bit elements          ; 0                        ;
;                                             ;                          ;
; Maximum fan-out node                        ; altera_internal_jtag~TDO ;
; Maximum fan-out                             ; 151                      ;
; Total fan-out                               ; 1427                     ;
; Average fan-out                             ; 2.94                     ;
+---------------------------------------------+--------------------------+


+------------------------------------------------------------------------------------------------------------------------------------------------------------------------------------------------------------------------------------------------------------------------------------------------------------------------------------------------------------------------------------------------------------------------------------------------------------------------------------------------------------------------------------------------------------------------------------------------------------------------------------------------------------------------+
; Analysis & Synthesis Resource Utilization by Entity                                                                                                                                                                                                                                                                                                                                                                                                                                                                                                                                                                                                                    ;
+-----------------------------------------------------------------------------------------------------------------------------------------+---------------------+---------------------------+-------------+--------------+---------+-----------+------+--------------+------------------------------------------------------------------------------------------------------------------------------------------------------------------------------------------------------------------------------------------------------------------------------------------------------------------------------------------------+-----------------------------------+--------------+
; Compilation Hierarchy Node                                                                                                              ; Combinational ALUTs ; Dedicated Logic Registers ; Memory Bits ; DSP Elements ; DSP 9x9 ; DSP 18x18 ; Pins ; Virtual Pins ; Full Hierarchy Name                                                                                                                                                                                                                                                                                                                            ; Entity Name                       ; Library Name ;
+-----------------------------------------------------------------------------------------------------------------------------------------+---------------------+---------------------------+-------------+--------------+---------+-----------+------+--------------+------------------------------------------------------------------------------------------------------------------------------------------------------------------------------------------------------------------------------------------------------------------------------------------------------------------------------------------------+-----------------------------------+--------------+
; |p6                                                                                                                                     ; 238 (7)             ; 152 (5)                   ; 256         ; 0            ; 0       ; 0         ; 39   ; 0            ; |p6                                                                                                                                                                                                                                                                                                                                            ; p6                                ; work         ;
;    |HexaBCD:DISPD1|                                                                                                                     ; 7 (7)               ; 0 (0)                     ; 0           ; 0            ; 0       ; 0         ; 0    ; 0            ; |p6|HexaBCD:DISPD1                                                                                                                                                                                                                                                                                                                             ; HexaBCD                           ; work         ;
;    |HexaBCD:DISPD2|                                                                                                                     ; 7 (7)               ; 0 (0)                     ; 0           ; 0            ; 0       ; 0         ; 0    ; 0            ; |p6|HexaBCD:DISPD2                                                                                                                                                                                                                                                                                                                             ; HexaBCD                           ; work         ;
;    |muxer:RamSelect|                                                                                                                    ; 5 (5)               ; 0 (0)                     ; 0           ; 0            ; 0       ; 0         ; 0    ; 0            ; |p6|muxer:RamSelect                                                                                                                                                                                                                                                                                                                            ; muxer                             ; work         ;
;    |ramlpm:RAM|                                                                                                                         ; 57 (0)              ; 32 (0)                    ; 256         ; 0            ; 0       ; 0         ; 0    ; 0            ; |p6|ramlpm:RAM                                                                                                                                                                                                                                                                                                                                 ; ramlpm                            ; work         ;
;       |altsyncram:altsyncram_component|                                                                                                 ; 57 (0)              ; 32 (0)                    ; 256         ; 0            ; 0       ; 0         ; 0    ; 0            ; |p6|ramlpm:RAM|altsyncram:altsyncram_component                                                                                                                                                                                                                                                                                                 ; altsyncram                        ; work         ;
;          |altsyncram_d6l1:auto_generated|                                                                                               ; 57 (0)              ; 32 (0)                    ; 256         ; 0            ; 0       ; 0         ; 0    ; 0            ; |p6|ramlpm:RAM|altsyncram:altsyncram_component|altsyncram_d6l1:auto_generated                                                                                                                                                                                                                                                                  ; altsyncram_d6l1                   ; work         ;
;             |altsyncram_reb2:altsyncram1|                                                                                               ; 0 (0)               ; 0 (0)                     ; 256         ; 0            ; 0       ; 0         ; 0    ; 0            ; |p6|ramlpm:RAM|altsyncram:altsyncram_component|altsyncram_d6l1:auto_generated|altsyncram_reb2:altsyncram1                                                                                                                                                                                                                                      ; altsyncram_reb2                   ; work         ;
;             |sld_mod_ram_rom:mgl_prim2|                                                                                                 ; 57 (32)             ; 32 (23)                   ; 0           ; 0            ; 0       ; 0         ; 0    ; 0            ; |p6|ramlpm:RAM|altsyncram:altsyncram_component|altsyncram_d6l1:auto_generated|sld_mod_ram_rom:mgl_prim2                                                                                                                                                                                                                                        ; sld_mod_ram_rom                   ; work         ;
;                |sld_rom_sr:\ram_rom_logic_gen:name_gen:info_rom_sr|                                                                     ; 25 (25)             ; 9 (9)                     ; 0           ; 0            ; 0       ; 0         ; 0    ; 0            ; |p6|ramlpm:RAM|altsyncram:altsyncram_component|altsyncram_d6l1:auto_generated|sld_mod_ram_rom:mgl_prim2|sld_rom_sr:\ram_rom_logic_gen:name_gen:info_rom_sr                                                                                                                                                                                     ; sld_rom_sr                        ; work         ;
;    |secondsCounter:Scroller|                                                                                                            ; 36 (36)             ; 28 (28)                   ; 0           ; 0            ; 0       ; 0         ; 0    ; 0            ; |p6|secondsCounter:Scroller                                                                                                                                                                                                                                                                                                                    ; secondsCounter                    ; work         ;
;    |sld_hub:auto_hub|                                                                                                                   ; 119 (1)             ; 87 (0)                    ; 0           ; 0            ; 0       ; 0         ; 0    ; 0            ; |p6|sld_hub:auto_hub                                                                                                                                                                                                                                                                                                                           ; sld_hub                           ; altera_sld   ;
;       |alt_sld_fab_with_jtag_input:\instrumentation_fabric_with_node_gen:fabric_gen_new_way:with_jtag_input_gen:instrumentation_fabric| ; 118 (0)             ; 87 (0)                    ; 0           ; 0            ; 0       ; 0         ; 0    ; 0            ; |p6|sld_hub:auto_hub|alt_sld_fab_with_jtag_input:\instrumentation_fabric_with_node_gen:fabric_gen_new_way:with_jtag_input_gen:instrumentation_fabric                                                                                                                                                                                           ; alt_sld_fab_with_jtag_input       ; altera_sld   ;
;          |alt_sld_fab:instrumentation_fabric|                                                                                           ; 118 (0)             ; 87 (0)                    ; 0           ; 0            ; 0       ; 0         ; 0    ; 0            ; |p6|sld_hub:auto_hub|alt_sld_fab_with_jtag_input:\instrumentation_fabric_with_node_gen:fabric_gen_new_way:with_jtag_input_gen:instrumentation_fabric|alt_sld_fab:instrumentation_fabric                                                                                                                                                        ; alt_sld_fab                       ; alt_sld_fab  ;
;             |alt_sld_fab_alt_sld_fab:alt_sld_fab|                                                                                       ; 118 (1)             ; 87 (5)                    ; 0           ; 0            ; 0       ; 0         ; 0    ; 0            ; |p6|sld_hub:auto_hub|alt_sld_fab_with_jtag_input:\instrumentation_fabric_with_node_gen:fabric_gen_new_way:with_jtag_input_gen:instrumentation_fabric|alt_sld_fab:instrumentation_fabric|alt_sld_fab_alt_sld_fab:alt_sld_fab                                                                                                                    ; alt_sld_fab_alt_sld_fab           ; alt_sld_fab  ;
;                |alt_sld_fab_alt_sld_fab_sldfabric:sldfabric|                                                                            ; 117 (0)             ; 82 (0)                    ; 0           ; 0            ; 0       ; 0         ; 0    ; 0            ; |p6|sld_hub:auto_hub|alt_sld_fab_with_jtag_input:\instrumentation_fabric_with_node_gen:fabric_gen_new_way:with_jtag_input_gen:instrumentation_fabric|alt_sld_fab:instrumentation_fabric|alt_sld_fab_alt_sld_fab:alt_sld_fab|alt_sld_fab_alt_sld_fab_sldfabric:sldfabric                                                                        ; alt_sld_fab_alt_sld_fab_sldfabric ; alt_sld_fab  ;
;                   |sld_jtag_hub:\jtag_hub_gen:real_sld_jtag_hub|                                                                        ; 117 (81)            ; 82 (54)                   ; 0           ; 0            ; 0       ; 0         ; 0    ; 0            ; |p6|sld_hub:auto_hub|alt_sld_fab_with_jtag_input:\instrumentation_fabric_with_node_gen:fabric_gen_new_way:with_jtag_input_gen:instrumentation_fabric|alt_sld_fab:instrumentation_fabric|alt_sld_fab_alt_sld_fab:alt_sld_fab|alt_sld_fab_alt_sld_fab_sldfabric:sldfabric|sld_jtag_hub:\jtag_hub_gen:real_sld_jtag_hub                           ; sld_jtag_hub                      ; work         ;
;                      |sld_rom_sr:hub_info_reg|                                                                                          ; 18 (18)             ; 9 (9)                     ; 0           ; 0            ; 0       ; 0         ; 0    ; 0            ; |p6|sld_hub:auto_hub|alt_sld_fab_with_jtag_input:\instrumentation_fabric_with_node_gen:fabric_gen_new_way:with_jtag_input_gen:instrumentation_fabric|alt_sld_fab:instrumentation_fabric|alt_sld_fab_alt_sld_fab:alt_sld_fab|alt_sld_fab_alt_sld_fab_sldfabric:sldfabric|sld_jtag_hub:\jtag_hub_gen:real_sld_jtag_hub|sld_rom_sr:hub_info_reg   ; sld_rom_sr                        ; work         ;
;                      |sld_shadow_jsm:shadow_jsm|                                                                                        ; 18 (18)             ; 19 (19)                   ; 0           ; 0            ; 0       ; 0         ; 0    ; 0            ; |p6|sld_hub:auto_hub|alt_sld_fab_with_jtag_input:\instrumentation_fabric_with_node_gen:fabric_gen_new_way:with_jtag_input_gen:instrumentation_fabric|alt_sld_fab:instrumentation_fabric|alt_sld_fab_alt_sld_fab:alt_sld_fab|alt_sld_fab_alt_sld_fab_sldfabric:sldfabric|sld_jtag_hub:\jtag_hub_gen:real_sld_jtag_hub|sld_shadow_jsm:shadow_jsm ; sld_shadow_jsm                    ; altera_sld   ;
+-----------------------------------------------------------------------------------------------------------------------------------------+---------------------+---------------------------+-------------+--------------+---------+-----------+------+--------------+------------------------------------------------------------------------------------------------------------------------------------------------------------------------------------------------------------------------------------------------------------------------------------------------------------------------------------------------+-----------------------------------+--------------+
Note: For table entries with two numbers listed, the numbers in parentheses indicate the number of resources of the given type used by the specific entity alone. The numbers listed outside of parentheses indicate the total resources of the given type used by the specific entity and all of its sub-entities in the hierarchy.


+--------------------------------------------------------------------------------------------------------------------------------------------------------------------------------------------------------------------------+
; Analysis & Synthesis RAM Summary                                                                                                                                                                                         ;
+------------------------------------------------------------------------------------------------------------------+------+----------------+--------------+--------------+--------------+--------------+------+------------+
; Name                                                                                                             ; Type ; Mode           ; Port A Depth ; Port A Width ; Port B Depth ; Port B Width ; Size ; MIF        ;
+------------------------------------------------------------------------------------------------------------------+------+----------------+--------------+--------------+--------------+--------------+------+------------+
; ramlpm:RAM|altsyncram:altsyncram_component|altsyncram_d6l1:auto_generated|altsyncram_reb2:altsyncram1|ALTSYNCRAM ; M9K  ; True Dual Port ; 32           ; 8            ; 32           ; 8            ; 256  ; rammif.mif ;
+------------------------------------------------------------------------------------------------------------------+------+----------------+--------------+--------------+--------------+--------------+------+------------+


+-----------------------------------------------------------------------------------------------------------------------------------------------------------------------------------------------------------------------------------------------------------------------------------------------------------------------------------------------------------+
; Analysis & Synthesis IP Cores Summary                                                                                                                                                                                                                                                                                                                     ;
+--------+--------------+---------+--------------+--------------+-------------------------------------------------------------------------------------------------------------------------------------------------------------------------------------------------------------------------------------------------------------------------+-----------------+
; Vendor ; IP Core Name ; Version ; Release Date ; License Type ; Entity Instance                                                                                                                                                                                                                                                         ; IP Include File ;
+--------+--------------+---------+--------------+--------------+-------------------------------------------------------------------------------------------------------------------------------------------------------------------------------------------------------------------------------------------------------------------------+-----------------+
; Altera ; RAM: 1-PORT  ; 16.1    ; N/A          ; N/A          ; |p6|ramlpm:RAM                                                                                                                                                                                                                                                          ; ramlpm.v        ;
; Altera ; Signal Tap   ; N/A     ; N/A          ; Licensed     ; |p6|sld_hub:auto_hub|alt_sld_fab_with_jtag_input:\instrumentation_fabric_with_node_gen:fabric_gen_new_way:with_jtag_input_gen:instrumentation_fabric|alt_sld_fab:instrumentation_fabric                                                                                 ;                 ;
; Altera ; Signal Tap   ; N/A     ; N/A          ; Licensed     ; |p6|sld_hub:auto_hub|alt_sld_fab_with_jtag_input:\instrumentation_fabric_with_node_gen:fabric_gen_new_way:with_jtag_input_gen:instrumentation_fabric|alt_sld_fab:instrumentation_fabric|alt_sld_fab_alt_sld_fab:alt_sld_fab                                             ;                 ;
; Altera ; Signal Tap   ; N/A     ; N/A          ; Licensed     ; |p6|sld_hub:auto_hub|alt_sld_fab_with_jtag_input:\instrumentation_fabric_with_node_gen:fabric_gen_new_way:with_jtag_input_gen:instrumentation_fabric|alt_sld_fab:instrumentation_fabric|alt_sld_fab_alt_sld_fab:alt_sld_fab|alt_sld_fab_alt_sld_fab_presplit:presplit   ;                 ;
; Altera ; Signal Tap   ; N/A     ; N/A          ; Licensed     ; |p6|sld_hub:auto_hub|alt_sld_fab_with_jtag_input:\instrumentation_fabric_with_node_gen:fabric_gen_new_way:with_jtag_input_gen:instrumentation_fabric|alt_sld_fab:instrumentation_fabric|alt_sld_fab_alt_sld_fab:alt_sld_fab|alt_sld_fab_alt_sld_fab_sldfabric:sldfabric ;                 ;
; Altera ; Signal Tap   ; N/A     ; N/A          ; Licensed     ; |p6|sld_hub:auto_hub|alt_sld_fab_with_jtag_input:\instrumentation_fabric_with_node_gen:fabric_gen_new_way:with_jtag_input_gen:instrumentation_fabric|alt_sld_fab:instrumentation_fabric|alt_sld_fab_alt_sld_fab:alt_sld_fab|alt_sld_fab_alt_sld_fab_splitter:splitter   ;                 ;
+--------+--------------+---------+--------------+--------------+-------------------------------------------------------------------------------------------------------------------------------------------------------------------------------------------------------------------------------------------------------------------------+-----------------+


+-----------------------------------------------------------------------------------------------------------------------------------------------------------------------------+
; Registers Removed During Synthesis                                                                                                                                          ;
+------------------------------------------------------------------------------------------------------------------------------------+----------------------------------------+
; Register name                                                                                                                      ; Reason for Removal                     ;
+------------------------------------------------------------------------------------------------------------------------------------+----------------------------------------+
; ramlpm:RAM|altsyncram:altsyncram_component|altsyncram_d6l1:auto_generated|sld_mod_ram_rom:mgl_prim2|ram_rom_data_shift_cntr_reg[3] ; Stuck at GND due to stuck port data_in ;
; Total Number of Removed Registers = 1                                                                                              ;                                        ;
+------------------------------------------------------------------------------------------------------------------------------------+----------------------------------------+


+------------------------------------------------------+
; General Register Statistics                          ;
+----------------------------------------------+-------+
; Statistic                                    ; Value ;
+----------------------------------------------+-------+
; Total registers                              ; 152   ;
; Number of registers using Synchronous Clear  ; 49    ;
; Number of registers using Synchronous Load   ; 15    ;
; Number of registers using Asynchronous Clear ; 49    ;
; Number of registers using Asynchronous Load  ; 0     ;
; Number of registers using Clock Enable       ; 87    ;
; Number of registers using Preset             ; 0     ;
+----------------------------------------------+-------+


+-------------------------------------------------------------------------------------------------------------------------------------------------------------------------------------------------------------------------------------------------------------------------------------------------------------------------------------------+
; Inverted Register Statistics                                                                                                                                                                                                                                                                                                              ;
+---------------------------------------------------------------------------------------------------------------------------------------------------------------------------------------------------------------------------------------------------------------------------------------------------------------------------------+---------+
; Inverted Register                                                                                                                                                                                                                                                                                                               ; Fan out ;
+---------------------------------------------------------------------------------------------------------------------------------------------------------------------------------------------------------------------------------------------------------------------------------------------------------------------------------+---------+
; sld_hub:auto_hub|alt_sld_fab_with_jtag_input:\instrumentation_fabric_with_node_gen:fabric_gen_new_way:with_jtag_input_gen:instrumentation_fabric|alt_sld_fab:instrumentation_fabric|alt_sld_fab_alt_sld_fab:alt_sld_fab|alt_sld_fab_alt_sld_fab_sldfabric:sldfabric|sld_jtag_hub:\jtag_hub_gen:real_sld_jtag_hub|jtag_ir_reg[2] ; 2       ;
; sld_hub:auto_hub|alt_sld_fab_with_jtag_input:\instrumentation_fabric_with_node_gen:fabric_gen_new_way:with_jtag_input_gen:instrumentation_fabric|alt_sld_fab:instrumentation_fabric|alt_sld_fab_alt_sld_fab:alt_sld_fab|alt_sld_fab_alt_sld_fab_sldfabric:sldfabric|sld_jtag_hub:\jtag_hub_gen:real_sld_jtag_hub|jtag_ir_reg[1] ; 3       ;
; Total number of inverted registers = 2                                                                                                                                                                                                                                                                                          ;         ;
+---------------------------------------------------------------------------------------------------------------------------------------------------------------------------------------------------------------------------------------------------------------------------------------------------------------------------------+---------+


+------------------------------------------------------------------------------------------------------------------------------------------------------------------------------------------------------------------------------------------------------------------------------------------+
; Multiplexer Restructuring Statistics (Restructuring Performed)                                                                                                                                                                                                                           ;
+--------------------+-----------+---------------+----------------------+------------------------+------------+----------------------------------------------------------------------------------------------------------------------------------------------------------------------------+
; Multiplexer Inputs ; Bus Width ; Baseline Area ; Area if Restructured ; Saving if Restructured ; Registered ; Example Multiplexer Output                                                                                                                                                 ;
+--------------------+-----------+---------------+----------------------+------------------------+------------+----------------------------------------------------------------------------------------------------------------------------------------------------------------------------+
; 3:1                ; 4 bits    ; 8 LEs         ; 4 LEs                ; 4 LEs                  ; Yes        ; |p6|ramlpm:RAM|altsyncram:altsyncram_component|altsyncram_d6l1:auto_generated|sld_mod_ram_rom:mgl_prim2|ram_rom_data_shift_cntr_reg[2]                                     ;
; 3:1                ; 8 bits    ; 16 LEs        ; 8 LEs                ; 8 LEs                  ; Yes        ; |p6|ramlpm:RAM|altsyncram:altsyncram_component|altsyncram_d6l1:auto_generated|sld_mod_ram_rom:mgl_prim2|ram_rom_data_reg[0]                                                ;
; 3:1                ; 5 bits    ; 10 LEs        ; 5 LEs                ; 5 LEs                  ; Yes        ; |p6|ramlpm:RAM|altsyncram:altsyncram_component|altsyncram_d6l1:auto_generated|sld_mod_ram_rom:mgl_prim2|ram_rom_addr_reg[1]                                                ;
; 4:1                ; 5 bits    ; 10 LEs        ; 5 LEs                ; 5 LEs                  ; Yes        ; |p6|ramlpm:RAM|altsyncram:altsyncram_component|altsyncram_d6l1:auto_generated|sld_mod_ram_rom:mgl_prim2|sld_rom_sr:\ram_rom_logic_gen:name_gen:info_rom_sr|word_counter[0] ;
; 26:1               ; 4 bits    ; 68 LEs        ; 44 LEs               ; 24 LEs                 ; Yes        ; |p6|ramlpm:RAM|altsyncram:altsyncram_component|altsyncram_d6l1:auto_generated|sld_mod_ram_rom:mgl_prim2|sld_rom_sr:\ram_rom_logic_gen:name_gen:info_rom_sr|WORD_SR[1]      ;
+--------------------+-----------+---------------+----------------------+------------------------+------------+----------------------------------------------------------------------------------------------------------------------------------------------------------------------------+


+------------------------------------------------------------------------------------------------------------------------------+
; Source assignments for ramlpm:RAM|altsyncram:altsyncram_component|altsyncram_d6l1:auto_generated|altsyncram_reb2:altsyncram1 ;
+---------------------------------+--------------------+------+----------------------------------------------------------------+
; Assignment                      ; Value              ; From ; To                                                             ;
+---------------------------------+--------------------+------+----------------------------------------------------------------+
; OPTIMIZE_POWER_DURING_SYNTHESIS ; NORMAL_COMPILATION ; -    ; -                                                              ;
+---------------------------------+--------------------+------+----------------------------------------------------------------+


+-----------------------------------------------------------------------------------------+
; Parameter Settings for User Entity Instance: ramlpm:RAM|altsyncram:altsyncram_component ;
+------------------------------------+----------------------+-----------------------------+
; Parameter Name                     ; Value                ; Type                        ;
+------------------------------------+----------------------+-----------------------------+
; BYTE_SIZE_BLOCK                    ; 8                    ; Untyped                     ;
; AUTO_CARRY_CHAINS                  ; ON                   ; AUTO_CARRY                  ;
; IGNORE_CARRY_BUFFERS               ; OFF                  ; IGNORE_CARRY                ;
; AUTO_CASCADE_CHAINS                ; ON                   ; AUTO_CASCADE                ;
; IGNORE_CASCADE_BUFFERS             ; OFF                  ; IGNORE_CASCADE              ;
; WIDTH_BYTEENA                      ; 1                    ; Untyped                     ;
; OPERATION_MODE                     ; SINGLE_PORT          ; Untyped                     ;
; WIDTH_A                            ; 8                    ; Signed Integer              ;
; WIDTHAD_A                          ; 5                    ; Signed Integer              ;
; NUMWORDS_A                         ; 32                   ; Signed Integer              ;
; OUTDATA_REG_A                      ; CLOCK0               ; Untyped                     ;
; ADDRESS_ACLR_A                     ; NONE                 ; Untyped                     ;
; OUTDATA_ACLR_A                     ; NONE                 ; Untyped                     ;
; WRCONTROL_ACLR_A                   ; NONE                 ; Untyped                     ;
; INDATA_ACLR_A                      ; NONE                 ; Untyped                     ;
; BYTEENA_ACLR_A                     ; NONE                 ; Untyped                     ;
; WIDTH_B                            ; 1                    ; Untyped                     ;
; WIDTHAD_B                          ; 1                    ; Untyped                     ;
; NUMWORDS_B                         ; 1                    ; Untyped                     ;
; INDATA_REG_B                       ; CLOCK1               ; Untyped                     ;
; WRCONTROL_WRADDRESS_REG_B          ; CLOCK1               ; Untyped                     ;
; RDCONTROL_REG_B                    ; CLOCK1               ; Untyped                     ;
; ADDRESS_REG_B                      ; CLOCK1               ; Untyped                     ;
; OUTDATA_REG_B                      ; UNREGISTERED         ; Untyped                     ;
; BYTEENA_REG_B                      ; CLOCK1               ; Untyped                     ;
; INDATA_ACLR_B                      ; NONE                 ; Untyped                     ;
; WRCONTROL_ACLR_B                   ; NONE                 ; Untyped                     ;
; ADDRESS_ACLR_B                     ; NONE                 ; Untyped                     ;
; OUTDATA_ACLR_B                     ; NONE                 ; Untyped                     ;
; RDCONTROL_ACLR_B                   ; NONE                 ; Untyped                     ;
; BYTEENA_ACLR_B                     ; NONE                 ; Untyped                     ;
; WIDTH_BYTEENA_A                    ; 1                    ; Signed Integer              ;
; WIDTH_BYTEENA_B                    ; 1                    ; Untyped                     ;
; RAM_BLOCK_TYPE                     ; M9K                  ; Untyped                     ;
; BYTE_SIZE                          ; 8                    ; Untyped                     ;
; READ_DURING_WRITE_MODE_MIXED_PORTS ; DONT_CARE            ; Untyped                     ;
; READ_DURING_WRITE_MODE_PORT_A      ; NEW_DATA_NO_NBE_READ ; Untyped                     ;
; READ_DURING_WRITE_MODE_PORT_B      ; NEW_DATA_NO_NBE_READ ; Untyped                     ;
; INIT_FILE                          ; rammif.mif           ; Untyped                     ;
; INIT_FILE_LAYOUT                   ; PORT_A               ; Untyped                     ;
; MAXIMUM_DEPTH                      ; 0                    ; Untyped                     ;
; CLOCK_ENABLE_INPUT_A               ; BYPASS               ; Untyped                     ;
; CLOCK_ENABLE_INPUT_B               ; NORMAL               ; Untyped                     ;
; CLOCK_ENABLE_OUTPUT_A              ; BYPASS               ; Untyped                     ;
; CLOCK_ENABLE_OUTPUT_B              ; NORMAL               ; Untyped                     ;
; CLOCK_ENABLE_CORE_A                ; USE_INPUT_CLKEN      ; Untyped                     ;
; CLOCK_ENABLE_CORE_B                ; USE_INPUT_CLKEN      ; Untyped                     ;
; ENABLE_ECC                         ; FALSE                ; Untyped                     ;
; ECC_PIPELINE_STAGE_ENABLED         ; FALSE                ; Untyped                     ;
; WIDTH_ECCSTATUS                    ; 3                    ; Untyped                     ;
; DEVICE_FAMILY                      ; Cyclone IV E         ; Untyped                     ;
; CBXI_PARAMETER                     ; altsyncram_d6l1      ; Untyped                     ;
+------------------------------------+----------------------+-----------------------------+
Note: In order to hide this table in the UI and the text report file, please set the "Show Parameter Settings in Synthesis Report" option in "Analysis and Synthesis Settings -> More Settings" to "Off".


+----------------------------------------------------------------------+
; Parameter Settings for User Entity Instance: secondsCounter:Scroller ;
+----------------+-------+---------------------------------------------+
; Parameter Name ; Value ; Type                                        ;
+----------------+-------+---------------------------------------------+
; SECONDS        ; 5     ; Signed Integer                              ;
+----------------+-------+---------------------------------------------+
Note: In order to hide this table in the UI and the text report file, please set the "Show Parameter Settings in Synthesis Report" option in "Analysis and Synthesis Settings -> More Settings" to "Off".


+----------------------------------------------------------------------------------------+
; altsyncram Parameter Settings by Entity Instance                                       ;
+-------------------------------------------+--------------------------------------------+
; Name                                      ; Value                                      ;
+-------------------------------------------+--------------------------------------------+
; Number of entity instances                ; 1                                          ;
; Entity Instance                           ; ramlpm:RAM|altsyncram:altsyncram_component ;
;     -- OPERATION_MODE                     ; SINGLE_PORT                                ;
;     -- WIDTH_A                            ; 8                                          ;
;     -- NUMWORDS_A                         ; 32                                         ;
;     -- OUTDATA_REG_A                      ; CLOCK0                                     ;
;     -- WIDTH_B                            ; 1                                          ;
;     -- NUMWORDS_B                         ; 1                                          ;
;     -- ADDRESS_REG_B                      ; CLOCK1                                     ;
;     -- OUTDATA_REG_B                      ; UNREGISTERED                               ;
;     -- RAM_BLOCK_TYPE                     ; M9K                                        ;
;     -- READ_DURING_WRITE_MODE_MIXED_PORTS ; DONT_CARE                                  ;
+-------------------------------------------+--------------------------------------------+


+---------------------------------------------------------------------------------------------------------------------------------------+
; In-System Memory Content Editor Settings                                                                                              ;
+----------------+-------------+-------+-------+------------+---------------------------------------------------------------------------+
; Instance Index ; Instance ID ; Width ; Depth ; Mode       ; Hierarchy Location                                                        ;
+----------------+-------------+-------+-------+------------+---------------------------------------------------------------------------+
; 0              ; 32x8        ; 8     ; 32    ; Read/Write ; ramlpm:RAM|altsyncram:altsyncram_component|altsyncram_d6l1:auto_generated ;
+----------------+-------------+-------+-------+------------+---------------------------------------------------------------------------+


+-----------------------------------------------------+
; Post-Synthesis Netlist Statistics for Top Partition ;
+-----------------------+-----------------------------+
; Type                  ; Count                       ;
+-----------------------+-----------------------------+
; boundary_port         ; 66                          ;
; cycloneiii_ff         ; 65                          ;
;     CLR               ; 5                           ;
;     ENA               ; 12                          ;
;     ENA CLR           ; 5                           ;
;     ENA CLR SLD       ; 5                           ;
;     ENA SCLR          ; 5                           ;
;     SCLR              ; 32                          ;
;     plain             ; 1                           ;
; cycloneiii_lcell_comb ; 118                         ;
;     arith             ; 38                          ;
;         2 data inputs ; 38                          ;
;     normal            ; 80                          ;
;         0 data inputs ; 1                           ;
;         1 data inputs ; 4                           ;
;         2 data inputs ; 5                           ;
;         3 data inputs ; 11                          ;
;         4 data inputs ; 59                          ;
; cycloneiii_ram_block  ; 8                           ;
;                       ;                             ;
; Max LUT depth         ; 3.60                        ;
; Average LUT depth     ; 1.91                        ;
+-----------------------+-----------------------------+


+-------------------------------+
; Elapsed Time Per Partition    ;
+----------------+--------------+
; Partition Name ; Elapsed Time ;
+----------------+--------------+
; Top            ; 00:00:00     ;
+----------------+--------------+


+-------------------------------+
; Analysis & Synthesis Messages ;
+-------------------------------+
Info: *******************************************************************
Info: Running Quartus Prime Analysis & Synthesis
    Info: Version 16.1.0 Build 196 10/24/2016 SJ Lite Edition
    Info: Processing started: Tue Apr 25 05:46:12 2017
Info: Command: quartus_map --read_settings_files=on --write_settings_files=off p6 -c p6
Warning (18236): Number of processors has not been specified which may cause overloading on shared machines.  Set the global assignment NUM_PARALLEL_PROCESSORS in your QSF to an appropriate value for best performance.
Info (20030): Parallel compilation is enabled and will use 2 of the 2 processors detected
Info (12021): Found 1 design units, including 1 entities, in source file muxer.v
    Info (12023): Found entity 1: muxer File: F:/Work/FPGA/Board/Lab8/P6/muxer.v Line: 1
Info (12021): Found 2 design units, including 2 entities, in source file p6.v
    Info (12023): Found entity 1: p6 File: F:/Work/FPGA/Board/Lab8/P6/p6.v Line: 1
    Info (12023): Found entity 2: testRam File: F:/Work/FPGA/Board/Lab8/P6/p6.v Line: 69
Info (12021): Found 1 design units, including 1 entities, in source file ramlpm.v
    Info (12023): Found entity 1: ramlpm File: F:/Work/FPGA/Board/Lab8/P6/ramlpm.v Line: 40
Info (12021): Found 1 design units, including 1 entities, in source file hexabcd.v
    Info (12023): Found entity 1: HexaBCD File: F:/Work/FPGA/Board/Lab8/P6/HexaBCD.v Line: 1
Info (12021): Found 1 design units, including 1 entities, in source file secondscounter.v
    Info (12023): Found entity 1: secondsCounter File: F:/Work/FPGA/Board/Lab8/P6/secondsCounter.v Line: 1
Info (12127): Elaborating entity "p6" for the top level hierarchy
Warning (10230): Verilog HDL assignment warning at p6.v(60): truncated value with size 32 to match size of target (5) File: F:/Work/FPGA/Board/Lab8/P6/p6.v Line: 60
Info (12128): Elaborating entity "ramlpm" for hierarchy "ramlpm:RAM" File: F:/Work/FPGA/Board/Lab8/P6/p6.v Line: 25
Info (12128): Elaborating entity "altsyncram" for hierarchy "ramlpm:RAM|altsyncram:altsyncram_component" File: F:/Work/FPGA/Board/Lab8/P6/ramlpm.v Line: 86
Info (12130): Elaborated megafunction instantiation "ramlpm:RAM|altsyncram:altsyncram_component" File: F:/Work/FPGA/Board/Lab8/P6/ramlpm.v Line: 86
Info (12133): Instantiated megafunction "ramlpm:RAM|altsyncram:altsyncram_component" with the following parameter: File: F:/Work/FPGA/Board/Lab8/P6/ramlpm.v Line: 86
    Info (12134): Parameter "clock_enable_input_a" = "BYPASS"
    Info (12134): Parameter "clock_enable_output_a" = "BYPASS"
    Info (12134): Parameter "init_file" = "rammif.mif"
    Info (12134): Parameter "intended_device_family" = "Cyclone IV E"
    Info (12134): Parameter "lpm_hint" = "ENABLE_RUNTIME_MOD=YES,INSTANCE_NAME=32x8"
    Info (12134): Parameter "lpm_type" = "altsyncram"
    Info (12134): Parameter "numwords_a" = "32"
    Info (12134): Parameter "operation_mode" = "SINGLE_PORT"
    Info (12134): Parameter "outdata_aclr_a" = "NONE"
    Info (12134): Parameter "outdata_reg_a" = "CLOCK0"
    Info (12134): Parameter "power_up_uninitialized" = "FALSE"
    Info (12134): Parameter "ram_block_type" = "M9K"
    Info (12134): Parameter "read_during_write_mode_port_a" = "NEW_DATA_NO_NBE_READ"
    Info (12134): Parameter "widthad_a" = "5"
    Info (12134): Parameter "width_a" = "8"
    Info (12134): Parameter "width_byteena_a" = "1"
Info (12021): Found 1 design units, including 1 entities, in source file db/altsyncram_d6l1.tdf
    Info (12023): Found entity 1: altsyncram_d6l1 File: F:/Work/FPGA/Board/Lab8/P6/db/altsyncram_d6l1.tdf Line: 28
Info (12128): Elaborating entity "altsyncram_d6l1" for hierarchy "ramlpm:RAM|altsyncram:altsyncram_component|altsyncram_d6l1:auto_generated" File: c:/intelfpga_lite/16.1/quartus/libraries/megafunctions/altsyncram.tdf Line: 792
Info (12021): Found 1 design units, including 1 entities, in source file db/altsyncram_reb2.tdf
    Info (12023): Found entity 1: altsyncram_reb2 File: F:/Work/FPGA/Board/Lab8/P6/db/altsyncram_reb2.tdf Line: 28
Info (12128): Elaborating entity "altsyncram_reb2" for hierarchy "ramlpm:RAM|altsyncram:altsyncram_component|altsyncram_d6l1:auto_generated|altsyncram_reb2:altsyncram1" File: F:/Work/FPGA/Board/Lab8/P6/db/altsyncram_d6l1.tdf Line: 37
Info (12128): Elaborating entity "sld_mod_ram_rom" for hierarchy "ramlpm:RAM|altsyncram:altsyncram_component|altsyncram_d6l1:auto_generated|sld_mod_ram_rom:mgl_prim2" File: F:/Work/FPGA/Board/Lab8/P6/db/altsyncram_d6l1.tdf Line: 38
Info (12130): Elaborated megafunction instantiation "ramlpm:RAM|altsyncram:altsyncram_component|altsyncram_d6l1:auto_generated|sld_mod_ram_rom:mgl_prim2" File: F:/Work/FPGA/Board/Lab8/P6/db/altsyncram_d6l1.tdf Line: 38
Info (12133): Instantiated megafunction "ramlpm:RAM|altsyncram:altsyncram_component|altsyncram_d6l1:auto_generated|sld_mod_ram_rom:mgl_prim2" with the following parameter: File: F:/Work/FPGA/Board/Lab8/P6/db/altsyncram_d6l1.tdf Line: 38
    Info (12134): Parameter "CVALUE" = "00000000"
    Info (12134): Parameter "IS_DATA_IN_RAM" = "1"
    Info (12134): Parameter "IS_READABLE" = "1"
    Info (12134): Parameter "NODE_NAME" = "858945592"
    Info (12134): Parameter "NUMWORDS" = "32"
    Info (12134): Parameter "SHIFT_COUNT_BITS" = "4"
    Info (12134): Parameter "WIDTH_WORD" = "8"
    Info (12134): Parameter "WIDTHAD" = "5"
Info (12128): Elaborating entity "sld_jtag_endpoint_adapter" for hierarchy "ramlpm:RAM|altsyncram:altsyncram_component|altsyncram_d6l1:auto_generated|sld_mod_ram_rom:mgl_prim2|sld_jtag_endpoint_adapter:jtag_signal_adapter" File: c:/intelfpga_lite/16.1/quartus/libraries/megafunctions/sld_mod_ram_rom.vhd Line: 302
Info (12128): Elaborating entity "sld_jtag_endpoint_adapter_impl" for hierarchy "ramlpm:RAM|altsyncram:altsyncram_component|altsyncram_d6l1:auto_generated|sld_mod_ram_rom:mgl_prim2|sld_jtag_endpoint_adapter:jtag_signal_adapter|sld_jtag_endpoint_adapter_impl:sld_jtag_endpoint_adapter_impl_inst" File: c:/intelfpga_lite/16.1/quartus/libraries/megafunctions/sld_jtag_endpoint_adapter.vhd Line: 232
Info (12128): Elaborating entity "sld_rom_sr" for hierarchy "ramlpm:RAM|altsyncram:altsyncram_component|altsyncram_d6l1:auto_generated|sld_mod_ram_rom:mgl_prim2|sld_rom_sr:\ram_rom_logic_gen:name_gen:info_rom_sr" File: c:/intelfpga_lite/16.1/quartus/libraries/megafunctions/sld_mod_ram_rom.vhd Line: 828
Info (12128): Elaborating entity "muxer" for hierarchy "muxer:RamSelect" File: F:/Work/FPGA/Board/Lab8/P6/p6.v Line: 33
Info (12128): Elaborating entity "HexaBCD" for hierarchy "HexaBCD:DISPD1" File: F:/Work/FPGA/Board/Lab8/P6/p6.v Line: 39
Info (12128): Elaborating entity "secondsCounter" for hierarchy "secondsCounter:Scroller" File: F:/Work/FPGA/Board/Lab8/P6/p6.v Line: 49
Warning (10230): Verilog HDL assignment warning at secondsCounter.v(15): truncated value with size 32 to match size of target (27) File: F:/Work/FPGA/Board/Lab8/P6/secondsCounter.v Line: 15
Info (11170): Starting IP generation for the debug fabric: alt_sld_fab.
Info (11172): 2017.04.25.05:46:33 Progress: Loading sld08000000/alt_sld_fab_wrapper_hw.tcl
Info (11172): Alt_sld_fab.alt_sld_fab: SLD fabric agents which did not specify prefer_host were connected to JTAG
Info (11172): Alt_sld_fab: Generating alt_sld_fab "alt_sld_fab" for QUARTUS_SYNTH
Info (11172): Alt_sld_fab: "alt_sld_fab" instantiated alt_sld_fab "alt_sld_fab"
Info (11172): Presplit: "alt_sld_fab" instantiated altera_super_splitter "presplit"
Info (11172): Splitter: "alt_sld_fab" instantiated altera_sld_splitter "splitter"
Info (11172): Sldfabric: "alt_sld_fab" instantiated altera_sld_jtag_hub "sldfabric"
Info (11172): Ident: "alt_sld_fab" instantiated altera_connection_identification_hub "ident"
Info (11172): Alt_sld_fab: Done "alt_sld_fab" with 6 modules, 6 files
Info (11171): Finished IP generation for the debug fabric: alt_sld_fab.
Info (12021): Found 1 design units, including 1 entities, in source file db/ip/sld08000000/alt_sld_fab.v
    Info (12023): Found entity 1: alt_sld_fab File: F:/Work/FPGA/Board/Lab8/P6/db/ip/sld08000000/alt_sld_fab.v Line: 9
Info (12021): Found 1 design units, including 1 entities, in source file db/ip/sld08000000/submodules/alt_sld_fab_alt_sld_fab.v
    Info (12023): Found entity 1: alt_sld_fab_alt_sld_fab File: F:/Work/FPGA/Board/Lab8/P6/db/ip/sld08000000/submodules/alt_sld_fab_alt_sld_fab.v Line: 9
Info (12021): Found 1 design units, including 1 entities, in source file db/ip/sld08000000/submodules/alt_sld_fab_alt_sld_fab_ident.sv
    Info (12023): Found entity 1: alt_sld_fab_alt_sld_fab_ident File: F:/Work/FPGA/Board/Lab8/P6/db/ip/sld08000000/submodules/alt_sld_fab_alt_sld_fab_ident.sv Line: 33
Info (12021): Found 1 design units, including 1 entities, in source file db/ip/sld08000000/submodules/alt_sld_fab_alt_sld_fab_presplit.sv
    Info (12023): Found entity 1: alt_sld_fab_alt_sld_fab_presplit File: F:/Work/FPGA/Board/Lab8/P6/db/ip/sld08000000/submodules/alt_sld_fab_alt_sld_fab_presplit.sv Line: 3
Info (12021): Found 2 design units, including 1 entities, in source file db/ip/sld08000000/submodules/alt_sld_fab_alt_sld_fab_sldfabric.vhd
    Info (12022): Found design unit 1: alt_sld_fab_alt_sld_fab_sldfabric-rtl File: F:/Work/FPGA/Board/Lab8/P6/db/ip/sld08000000/submodules/alt_sld_fab_alt_sld_fab_sldfabric.vhd Line: 102
    Info (12023): Found entity 1: alt_sld_fab_alt_sld_fab_sldfabric File: F:/Work/FPGA/Board/Lab8/P6/db/ip/sld08000000/submodules/alt_sld_fab_alt_sld_fab_sldfabric.vhd Line: 11
Info (12021): Found 1 design units, including 1 entities, in source file db/ip/sld08000000/submodules/alt_sld_fab_alt_sld_fab_splitter.sv
    Info (12023): Found entity 1: alt_sld_fab_alt_sld_fab_splitter File: F:/Work/FPGA/Board/Lab8/P6/db/ip/sld08000000/submodules/alt_sld_fab_alt_sld_fab_splitter.sv Line: 3
Info (286031): Timing-Driven Synthesis is running on partition "Top"
Info (144001): Generated suppressed messages file F:/Work/FPGA/Board/Lab8/P6/output_files/p6.map.smsg
Info (16010): Generating hard_block partition "hard_block:auto_generated_inst"
    Info (16011): Adding 0 node(s), including 0 DDIO, 0 PLL, 0 transceiver and 0 LCELL
Info (21057): Implemented 325 device resources after synthesis - the final resource count might be different
    Info (21058): Implemented 20 input pins
    Info (21059): Implemented 23 output pins
    Info (21061): Implemented 273 logic cells
    Info (21064): Implemented 8 RAM segments
Info: Quartus Prime Analysis & Synthesis was successful. 0 errors, 3 warnings
    Info: Peak virtual memory: 663 megabytes
    Info: Processing ended: Tue Apr 25 05:46:43 2017
    Info: Elapsed time: 00:00:31
    Info: Total CPU time (on all processors): 00:01:01


+------------------------------------------+
; Analysis & Synthesis Suppressed Messages ;
+------------------------------------------+
The suppressed messages can be found in F:/Work/FPGA/Board/Lab8/P6/output_files/p6.map.smsg.


