Analysis & Synthesis report for p4
Mon Apr 24 15:36:11 2017
Quartus Prime Version 16.1.0 Build 196 10/24/2016 SJ Lite Edition


---------------------
; Table of Contents ;
---------------------
  1. Legal Notice
  2. Analysis & Synthesis Summary
  3. Analysis & Synthesis Settings
  4. Parallel Compilation
  5. Analysis & Synthesis Source Files Read
  6. Analysis & Synthesis Resource Usage Summary
  7. Analysis & Synthesis Resource Utilization by Entity
  8. User-Specified and Inferred Latches
  9. General Register Statistics
 10. Port Connectivity Checks: "BCD:address1"
 11. Post-Synthesis Netlist Statistics for Top Partition
 12. Elapsed Time Per Partition
 13. Analysis & Synthesis Messages



----------------
; Legal Notice ;
----------------
Copyright (C) 2016  Intel Corporation. All rights reserved.
Your use of Intel Corporation's design tools, logic functions 
and other software and tools, and its AMPP partner logic 
functions, and any output files from any of the foregoing 
(including device programming or simulation files), and any 
associated documentation or information are expressly subject 
to the terms and conditions of the Intel Program License 
Subscription Agreement, the Intel Quartus Prime License Agreement,
the Intel MegaCore Function License Agreement, or other 
applicable license agreement, including, without limitation, 
that your use is for the sole purpose of programming logic 
devices manufactured by Intel and sold by Intel or its 
authorized distributors.  Please refer to the applicable 
agreement for further details.



+----------------------------------------------------------------------------------+
; Analysis & Synthesis Summary                                                     ;
+------------------------------------+---------------------------------------------+
; Analysis & Synthesis Status        ; Successful - Mon Apr 24 15:36:11 2017       ;
; Quartus Prime Version              ; 16.1.0 Build 196 10/24/2016 SJ Lite Edition ;
; Revision Name                      ; p4                                          ;
; Top-level Entity Name              ; p4                                          ;
; Family                             ; Cyclone IV E                                ;
; Total logic elements               ; 16                                          ;
;     Total combinational functions  ; 16                                          ;
;     Dedicated logic registers      ; 0                                           ;
; Total registers                    ; 0                                           ;
; Total pins                         ; 79                                          ;
; Total virtual pins                 ; 0                                           ;
; Total memory bits                  ; 0                                           ;
; Embedded Multiplier 9-bit elements ; 0                                           ;
; Total PLLs                         ; 0                                           ;
+------------------------------------+---------------------------------------------+


+----------------------------------------------------------------------------------------------------------------------+
; Analysis & Synthesis Settings                                                                                        ;
+----------------------------------------------------------------------------+--------------------+--------------------+
; Option                                                                     ; Setting            ; Default Value      ;
+----------------------------------------------------------------------------+--------------------+--------------------+
; Device                                                                     ; EP4CE115F29C7      ;                    ;
; Top-level entity name                                                      ; p4                 ; p4                 ;
; Family name                                                                ; Cyclone IV E       ; Cyclone V          ;
; Use smart compilation                                                      ; Off                ; Off                ;
; Enable parallel Assembler and TimeQuest Timing Analyzer during compilation ; On                 ; On                 ;
; Enable compact report table                                                ; Off                ; Off                ;
; Restructure Multiplexers                                                   ; Auto               ; Auto               ;
; Create Debugging Nodes for IP Cores                                        ; Off                ; Off                ;
; Preserve fewer node names                                                  ; On                 ; On                 ;
; OpenCore Plus hardware evaluation                                          ; Enable             ; Enable             ;
; Verilog Version                                                            ; Verilog_2001       ; Verilog_2001       ;
; VHDL Version                                                               ; VHDL_1993          ; VHDL_1993          ;
; State Machine Processing                                                   ; Auto               ; Auto               ;
; Safe State Machine                                                         ; Off                ; Off                ;
; Extract Verilog State Machines                                             ; On                 ; On                 ;
; Extract VHDL State Machines                                                ; On                 ; On                 ;
; Ignore Verilog initial constructs                                          ; Off                ; Off                ;
; Iteration limit for constant Verilog loops                                 ; 5000               ; 5000               ;
; Iteration limit for non-constant Verilog loops                             ; 250                ; 250                ;
; Add Pass-Through Logic to Inferred RAMs                                    ; On                 ; On                 ;
; Infer RAMs from Raw Logic                                                  ; On                 ; On                 ;
; Parallel Synthesis                                                         ; On                 ; On                 ;
; DSP Block Balancing                                                        ; Auto               ; Auto               ;
; NOT Gate Push-Back                                                         ; On                 ; On                 ;
; Power-Up Don't Care                                                        ; On                 ; On                 ;
; Remove Redundant Logic Cells                                               ; Off                ; Off                ;
; Remove Duplicate Registers                                                 ; On                 ; On                 ;
; Ignore CARRY Buffers                                                       ; Off                ; Off                ;
; Ignore CASCADE Buffers                                                     ; Off                ; Off                ;
; Ignore GLOBAL Buffers                                                      ; Off                ; Off                ;
; Ignore ROW GLOBAL Buffers                                                  ; Off                ; Off                ;
; Ignore LCELL Buffers                                                       ; Off                ; Off                ;
; Ignore SOFT Buffers                                                        ; On                 ; On                 ;
; Limit AHDL Integers to 32 Bits                                             ; Off                ; Off                ;
; Optimization Technique                                                     ; Balanced           ; Balanced           ;
; Carry Chain Length                                                         ; 70                 ; 70                 ;
; Auto Carry Chains                                                          ; On                 ; On                 ;
; Auto Open-Drain Pins                                                       ; On                 ; On                 ;
; Perform WYSIWYG Primitive Resynthesis                                      ; Off                ; Off                ;
; Auto ROM Replacement                                                       ; On                 ; On                 ;
; Auto RAM Replacement                                                       ; On                 ; On                 ;
; Auto DSP Block Replacement                                                 ; On                 ; On                 ;
; Auto Shift Register Replacement                                            ; Auto               ; Auto               ;
; Allow Shift Register Merging across Hierarchies                            ; Auto               ; Auto               ;
; Auto Clock Enable Replacement                                              ; On                 ; On                 ;
; Strict RAM Replacement                                                     ; Off                ; Off                ;
; Allow Synchronous Control Signals                                          ; On                 ; On                 ;
; Force Use of Synchronous Clear Signals                                     ; Off                ; Off                ;
; Auto RAM Block Balancing                                                   ; On                 ; On                 ;
; Auto RAM to Logic Cell Conversion                                          ; Off                ; Off                ;
; Auto Resource Sharing                                                      ; Off                ; Off                ;
; Allow Any RAM Size For Recognition                                         ; Off                ; Off                ;
; Allow Any ROM Size For Recognition                                         ; Off                ; Off                ;
; Allow Any Shift Register Size For Recognition                              ; Off                ; Off                ;
; Use LogicLock Constraints during Resource Balancing                        ; On                 ; On                 ;
; Ignore translate_off and synthesis_off directives                          ; Off                ; Off                ;
; Timing-Driven Synthesis                                                    ; On                 ; On                 ;
; Report Parameter Settings                                                  ; On                 ; On                 ;
; Report Source Assignments                                                  ; On                 ; On                 ;
; Report Connectivity Checks                                                 ; On                 ; On                 ;
; Ignore Maximum Fan-Out Assignments                                         ; Off                ; Off                ;
; Synchronization Register Chain Length                                      ; 2                  ; 2                  ;
; PowerPlay Power Optimization During Synthesis                              ; Normal compilation ; Normal compilation ;
; HDL message level                                                          ; Level2             ; Level2             ;
; Suppress Register Optimization Related Messages                            ; Off                ; Off                ;
; Number of Removed Registers Reported in Synthesis Report                   ; 5000               ; 5000               ;
; Number of Swept Nodes Reported in Synthesis Report                         ; 5000               ; 5000               ;
; Number of Inverted Registers Reported in Synthesis Report                  ; 100                ; 100                ;
; Clock MUX Protection                                                       ; On                 ; On                 ;
; Auto Gated Clock Conversion                                                ; Off                ; Off                ;
; Block Design Naming                                                        ; Auto               ; Auto               ;
; SDC constraint protection                                                  ; Off                ; Off                ;
; Synthesis Effort                                                           ; Auto               ; Auto               ;
; Shift Register Replacement - Allow Asynchronous Clear Signal               ; On                 ; On                 ;
; Pre-Mapping Resynthesis Optimization                                       ; Off                ; Off                ;
; Analysis & Synthesis Message Level                                         ; Medium             ; Medium             ;
; Disable Register Merging Across Hierarchies                                ; Auto               ; Auto               ;
; Resource Aware Inference For Block RAM                                     ; On                 ; On                 ;
+----------------------------------------------------------------------------+--------------------+--------------------+


+------------------------------------------+
; Parallel Compilation                     ;
+----------------------------+-------------+
; Processors                 ; Number      ;
+----------------------------+-------------+
; Number detected on machine ; 4           ;
; Maximum allowed            ; 2           ;
;                            ;             ;
; Average used               ; 1.00        ;
; Maximum used               ; 2           ;
;                            ;             ;
; Usage by Processor         ; % Time Used ;
;     Processor 1            ; 100.0%      ;
;     Processor 2            ;   0.0%      ;
+----------------------------+-------------+


+--------------------------------------------------------------------------------------------------------------------------+
; Analysis & Synthesis Source Files Read                                                                                   ;
+----------------------------------+-----------------+------------------------+----------------------------------+---------+
; File Name with User-Entered Path ; Used in Netlist ; File Type              ; File Name with Absolute Path     ; Library ;
+----------------------------------+-----------------+------------------------+----------------------------------+---------+
; p4.v                             ; yes             ; User Verilog HDL File  ; F:/Work/FPGA/Board/Lab8/P4/p4.v  ;         ;
; BCD.v                            ; yes             ; User Verilog HDL File  ; F:/Work/FPGA/Board/Lab8/P4/BCD.v ;         ;
+----------------------------------+-----------------+------------------------+----------------------------------+---------+


+--------------------------------------------------------+
; Analysis & Synthesis Resource Usage Summary            ;
+---------------------------------------------+----------+
; Resource                                    ; Usage    ;
+---------------------------------------------+----------+
; Estimated Total logic elements              ; 16       ;
;                                             ;          ;
; Total combinational functions               ; 16       ;
; Logic element usage by number of LUT inputs ;          ;
;     -- 4 input functions                    ; 0        ;
;     -- 3 input functions                    ; 16       ;
;     -- <=2 input functions                  ; 0        ;
;                                             ;          ;
; Logic elements by mode                      ;          ;
;     -- normal mode                          ; 16       ;
;     -- arithmetic mode                      ; 0        ;
;                                             ;          ;
; Total registers                             ; 0        ;
;     -- Dedicated logic registers            ; 0        ;
;     -- I/O registers                        ; 0        ;
;                                             ;          ;
; I/O pins                                    ; 79       ;
;                                             ;          ;
; Embedded Multiplier 9-bit elements          ; 0        ;
;                                             ;          ;
; Maximum fan-out node                        ; WE~input ;
; Maximum fan-out                             ; 18       ;
; Total fan-out                               ; 171      ;
; Average fan-out                             ; 0.90     ;
+---------------------------------------------+----------+


+----------------------------------------------------------------------------------------------------------------------------------------------------------------------------------------------------------+
; Analysis & Synthesis Resource Utilization by Entity                                                                                                                                                      ;
+----------------------------+---------------------+---------------------------+-------------+--------------+---------+-----------+------+--------------+---------------------+-------------+--------------+
; Compilation Hierarchy Node ; Combinational ALUTs ; Dedicated Logic Registers ; Memory Bits ; DSP Elements ; DSP 9x9 ; DSP 18x18 ; Pins ; Virtual Pins ; Full Hierarchy Name ; Entity Name ; Library Name ;
+----------------------------+---------------------+---------------------------+-------------+--------------+---------+-----------+------+--------------+---------------------+-------------+--------------+
; |p4                        ; 16 (16)             ; 0 (0)                     ; 0           ; 0            ; 0       ; 0         ; 79   ; 0            ; |p4                 ; p4          ; work         ;
+----------------------------+---------------------+---------------------------+-------------+--------------+---------+-----------+------+--------------+---------------------+-------------+--------------+
Note: For table entries with two numbers listed, the numbers in parentheses indicate the number of resources of the given type used by the specific entity alone. The numbers listed outside of parentheses indicate the total resources of the given type used by the specific entity and all of its sub-entities in the hierarchy.


+----------------------------------------------------------------------------------------------------+
; User-Specified and Inferred Latches                                                                ;
+-----------------------------------------------------+---------------------+------------------------+
; Latch Name                                          ; Latch Enable Signal ; Free of Timing Hazards ;
+-----------------------------------------------------+---------------------+------------------------+
; Q[0]$latch                                          ; WE                  ; yes                    ;
; Q[1]$latch                                          ; WE                  ; yes                    ;
; Q[2]$latch                                          ; WE                  ; yes                    ;
; Q[3]$latch                                          ; WE                  ; yes                    ;
; Q[4]$latch                                          ; WE                  ; yes                    ;
; Q[5]$latch                                          ; WE                  ; yes                    ;
; Q[6]$latch                                          ; WE                  ; yes                    ;
; Q[7]$latch                                          ; WE                  ; yes                    ;
; TEMP[0]                                             ; WE                  ; yes                    ;
; TEMP[1]                                             ; WE                  ; yes                    ;
; TEMP[2]                                             ; WE                  ; yes                    ;
; TEMP[3]                                             ; WE                  ; yes                    ;
; TEMP[4]                                             ; WE                  ; yes                    ;
; TEMP[5]                                             ; WE                  ; yes                    ;
; TEMP[6]                                             ; WE                  ; yes                    ;
; TEMP[7]                                             ; WE                  ; yes                    ;
; Number of user-specified and inferred latches = 16  ;                     ;                        ;
+-----------------------------------------------------+---------------------+------------------------+
Note: All latches listed above may not be present at the end of synthesis due to various synthesis optimizations.


+------------------------------------------------------+
; General Register Statistics                          ;
+----------------------------------------------+-------+
; Statistic                                    ; Value ;
+----------------------------------------------+-------+
; Total registers                              ; 0     ;
; Number of registers using Synchronous Clear  ; 0     ;
; Number of registers using Synchronous Load   ; 0     ;
; Number of registers using Asynchronous Clear ; 0     ;
; Number of registers using Asynchronous Load  ; 0     ;
; Number of registers using Clock Enable       ; 0     ;
; Number of registers using Preset             ; 0     ;
+----------------------------------------------+-------+


+------------------------------------------------+
; Port Connectivity Checks: "BCD:address1"       ;
+--------------+-------+----------+--------------+
; Port         ; Type  ; Severity ; Details      ;
+--------------+-------+----------+--------------+
; lineIn[3..1] ; Input ; Info     ; Stuck at GND ;
+--------------+-------+----------+--------------+


+-----------------------------------------------------+
; Post-Synthesis Netlist Statistics for Top Partition ;
+-----------------------+-----------------------------+
; Type                  ; Count                       ;
+-----------------------+-----------------------------+
; boundary_port         ; 79                          ;
; cycloneiii_io_obuf    ; 16                          ;
; cycloneiii_lcell_comb ; 24                          ;
;     normal            ; 24                          ;
;         0 data inputs ; 2                           ;
;         1 data inputs ; 6                           ;
;         3 data inputs ; 16                          ;
;                       ;                             ;
; Max LUT depth         ; 1.00                        ;
; Average LUT depth     ; 0.74                        ;
+-----------------------+-----------------------------+


+-------------------------------+
; Elapsed Time Per Partition    ;
+----------------+--------------+
; Partition Name ; Elapsed Time ;
+----------------+--------------+
; Top            ; 00:00:00     ;
+----------------+--------------+


+-------------------------------+
; Analysis & Synthesis Messages ;
+-------------------------------+
Info: *******************************************************************
Info: Running Quartus Prime Analysis & Synthesis
    Info: Version 16.1.0 Build 196 10/24/2016 SJ Lite Edition
    Info: Processing started: Mon Apr 24 15:35:58 2017
Info: Command: quartus_map --read_settings_files=on --write_settings_files=off p4 -c p4
Warning (18236): Number of processors has not been specified which may cause overloading on shared machines.  Set the global assignment NUM_PARALLEL_PROCESSORS in your QSF to an appropriate value for best performance.
Info (20030): Parallel compilation is enabled and will use 2 of the 2 processors detected
Info (12021): Found 2 design units, including 2 entities, in source file p4.v
    Info (12023): Found entity 1: p4 File: F:/Work/FPGA/Board/Lab8/P4/p4.v Line: 1
    Info (12023): Found entity 2: testSRAM File: F:/Work/FPGA/Board/Lab8/P4/p4.v Line: 54
Info (12021): Found 1 design units, including 1 entities, in source file bcd.v
    Info (12023): Found entity 1: BCD File: F:/Work/FPGA/Board/Lab8/P4/BCD.v Line: 1
Info (12127): Elaborating entity "p4" for the top level hierarchy
Warning (10240): Verilog HDL Always Construct warning at p4.v(30): inferring latch(es) for variable "TEMP", which holds its previous value in one or more paths through the always construct File: F:/Work/FPGA/Board/Lab8/P4/p4.v Line: 30
Warning (10240): Verilog HDL Always Construct warning at p4.v(30): inferring latch(es) for variable "Q", which holds its previous value in one or more paths through the always construct File: F:/Work/FPGA/Board/Lab8/P4/p4.v Line: 30
Warning (10034): Output port "SRAME" at p4.v(8) has no driver File: F:/Work/FPGA/Board/Lab8/P4/p4.v Line: 8
Info (10041): Inferred latch for "Q[0]" at p4.v(30) File: F:/Work/FPGA/Board/Lab8/P4/p4.v Line: 30
Info (10041): Inferred latch for "Q[1]" at p4.v(30) File: F:/Work/FPGA/Board/Lab8/P4/p4.v Line: 30
Info (10041): Inferred latch for "Q[2]" at p4.v(30) File: F:/Work/FPGA/Board/Lab8/P4/p4.v Line: 30
Info (10041): Inferred latch for "Q[3]" at p4.v(30) File: F:/Work/FPGA/Board/Lab8/P4/p4.v Line: 30
Info (10041): Inferred latch for "Q[4]" at p4.v(30) File: F:/Work/FPGA/Board/Lab8/P4/p4.v Line: 30
Info (10041): Inferred latch for "Q[5]" at p4.v(30) File: F:/Work/FPGA/Board/Lab8/P4/p4.v Line: 30
Info (10041): Inferred latch for "Q[6]" at p4.v(30) File: F:/Work/FPGA/Board/Lab8/P4/p4.v Line: 30
Info (10041): Inferred latch for "Q[7]" at p4.v(30) File: F:/Work/FPGA/Board/Lab8/P4/p4.v Line: 30
Info (10041): Inferred latch for "TEMP[0]" at p4.v(30) File: F:/Work/FPGA/Board/Lab8/P4/p4.v Line: 30
Info (10041): Inferred latch for "TEMP[1]" at p4.v(30) File: F:/Work/FPGA/Board/Lab8/P4/p4.v Line: 30
Info (10041): Inferred latch for "TEMP[2]" at p4.v(30) File: F:/Work/FPGA/Board/Lab8/P4/p4.v Line: 30
Info (10041): Inferred latch for "TEMP[3]" at p4.v(30) File: F:/Work/FPGA/Board/Lab8/P4/p4.v Line: 30
Info (10041): Inferred latch for "TEMP[4]" at p4.v(30) File: F:/Work/FPGA/Board/Lab8/P4/p4.v Line: 30
Info (10041): Inferred latch for "TEMP[5]" at p4.v(30) File: F:/Work/FPGA/Board/Lab8/P4/p4.v Line: 30
Info (10041): Inferred latch for "TEMP[6]" at p4.v(30) File: F:/Work/FPGA/Board/Lab8/P4/p4.v Line: 30
Info (10041): Inferred latch for "TEMP[7]" at p4.v(30) File: F:/Work/FPGA/Board/Lab8/P4/p4.v Line: 30
Info (10041): Inferred latch for "TEMP[8]" at p4.v(30) File: F:/Work/FPGA/Board/Lab8/P4/p4.v Line: 30
Info (10041): Inferred latch for "TEMP[9]" at p4.v(30) File: F:/Work/FPGA/Board/Lab8/P4/p4.v Line: 30
Info (10041): Inferred latch for "TEMP[10]" at p4.v(30) File: F:/Work/FPGA/Board/Lab8/P4/p4.v Line: 30
Info (10041): Inferred latch for "TEMP[11]" at p4.v(30) File: F:/Work/FPGA/Board/Lab8/P4/p4.v Line: 30
Info (10041): Inferred latch for "TEMP[12]" at p4.v(30) File: F:/Work/FPGA/Board/Lab8/P4/p4.v Line: 30
Info (10041): Inferred latch for "TEMP[13]" at p4.v(30) File: F:/Work/FPGA/Board/Lab8/P4/p4.v Line: 30
Info (10041): Inferred latch for "TEMP[14]" at p4.v(30) File: F:/Work/FPGA/Board/Lab8/P4/p4.v Line: 30
Info (10041): Inferred latch for "TEMP[15]" at p4.v(30) File: F:/Work/FPGA/Board/Lab8/P4/p4.v Line: 30
Info (12128): Elaborating entity "BCD" for hierarchy "BCD:address1" File: F:/Work/FPGA/Board/Lab8/P4/p4.v Line: 20
Warning (13034): The following nodes have both tri-state and non-tri-state drivers
    Warning (13035): Inserted always-enabled tri-state buffer between "SRAMDATA[0]" and its non-tri-state driver. File: F:/Work/FPGA/Board/Lab8/P4/p4.v Line: 10
    Warning (13035): Inserted always-enabled tri-state buffer between "SRAMDATA[1]" and its non-tri-state driver. File: F:/Work/FPGA/Board/Lab8/P4/p4.v Line: 10
    Warning (13035): Inserted always-enabled tri-state buffer between "SRAMDATA[2]" and its non-tri-state driver. File: F:/Work/FPGA/Board/Lab8/P4/p4.v Line: 10
    Warning (13035): Inserted always-enabled tri-state buffer between "SRAMDATA[3]" and its non-tri-state driver. File: F:/Work/FPGA/Board/Lab8/P4/p4.v Line: 10
    Warning (13035): Inserted always-enabled tri-state buffer between "SRAMDATA[4]" and its non-tri-state driver. File: F:/Work/FPGA/Board/Lab8/P4/p4.v Line: 10
    Warning (13035): Inserted always-enabled tri-state buffer between "SRAMDATA[5]" and its non-tri-state driver. File: F:/Work/FPGA/Board/Lab8/P4/p4.v Line: 10
    Warning (13035): Inserted always-enabled tri-state buffer between "SRAMDATA[6]" and its non-tri-state driver. File: F:/Work/FPGA/Board/Lab8/P4/p4.v Line: 10
    Warning (13035): Inserted always-enabled tri-state buffer between "SRAMDATA[7]" and its non-tri-state driver. File: F:/Work/FPGA/Board/Lab8/P4/p4.v Line: 10
Warning (13032): The following tri-state nodes are fed by constants
    Warning (13033): The pin "SRAMDATA[8]" is fed by GND File: F:/Work/FPGA/Board/Lab8/P4/p4.v Line: 10
    Warning (13033): The pin "SRAMDATA[9]" is fed by GND File: F:/Work/FPGA/Board/Lab8/P4/p4.v Line: 10
    Warning (13033): The pin "SRAMDATA[10]" is fed by GND File: F:/Work/FPGA/Board/Lab8/P4/p4.v Line: 10
    Warning (13033): The pin "SRAMDATA[11]" is fed by GND File: F:/Work/FPGA/Board/Lab8/P4/p4.v Line: 10
    Warning (13033): The pin "SRAMDATA[12]" is fed by GND File: F:/Work/FPGA/Board/Lab8/P4/p4.v Line: 10
    Warning (13033): The pin "SRAMDATA[13]" is fed by GND File: F:/Work/FPGA/Board/Lab8/P4/p4.v Line: 10
    Warning (13033): The pin "SRAMDATA[14]" is fed by GND File: F:/Work/FPGA/Board/Lab8/P4/p4.v Line: 10
    Warning (13033): The pin "SRAMDATA[15]" is fed by GND File: F:/Work/FPGA/Board/Lab8/P4/p4.v Line: 10
Info (13060): One or more bidirectional pins are fed by always enabled tri-state buffers
    Info (13061): Fan-out of permanently enabled tri-state buffer feeding bidirectional pin "SRAMDATA[0]" is moved to its source File: F:/Work/FPGA/Board/Lab8/P4/p4.v Line: 10
    Info (13061): Fan-out of permanently enabled tri-state buffer feeding bidirectional pin "SRAMDATA[1]" is moved to its source File: F:/Work/FPGA/Board/Lab8/P4/p4.v Line: 10
    Info (13061): Fan-out of permanently enabled tri-state buffer feeding bidirectional pin "SRAMDATA[2]" is moved to its source File: F:/Work/FPGA/Board/Lab8/P4/p4.v Line: 10
    Info (13061): Fan-out of permanently enabled tri-state buffer feeding bidirectional pin "SRAMDATA[3]" is moved to its source File: F:/Work/FPGA/Board/Lab8/P4/p4.v Line: 10
    Info (13061): Fan-out of permanently enabled tri-state buffer feeding bidirectional pin "SRAMDATA[4]" is moved to its source File: F:/Work/FPGA/Board/Lab8/P4/p4.v Line: 10
    Info (13061): Fan-out of permanently enabled tri-state buffer feeding bidirectional pin "SRAMDATA[5]" is moved to its source File: F:/Work/FPGA/Board/Lab8/P4/p4.v Line: 10
    Info (13061): Fan-out of permanently enabled tri-state buffer feeding bidirectional pin "SRAMDATA[6]" is moved to its source File: F:/Work/FPGA/Board/Lab8/P4/p4.v Line: 10
    Info (13061): Fan-out of permanently enabled tri-state buffer feeding bidirectional pin "SRAMDATA[7]" is moved to its source File: F:/Work/FPGA/Board/Lab8/P4/p4.v Line: 10
Warning (13009): TRI or OPNDRN buffers permanently enabled
    Warning (13010): Node "SRAMDATA[0]~synth" File: F:/Work/FPGA/Board/Lab8/P4/p4.v Line: 10
    Warning (13010): Node "SRAMDATA[1]~synth" File: F:/Work/FPGA/Board/Lab8/P4/p4.v Line: 10
    Warning (13010): Node "SRAMDATA[2]~synth" File: F:/Work/FPGA/Board/Lab8/P4/p4.v Line: 10
    Warning (13010): Node "SRAMDATA[3]~synth" File: F:/Work/FPGA/Board/Lab8/P4/p4.v Line: 10
    Warning (13010): Node "SRAMDATA[4]~synth" File: F:/Work/FPGA/Board/Lab8/P4/p4.v Line: 10
    Warning (13010): Node "SRAMDATA[5]~synth" File: F:/Work/FPGA/Board/Lab8/P4/p4.v Line: 10
    Warning (13010): Node "SRAMDATA[6]~synth" File: F:/Work/FPGA/Board/Lab8/P4/p4.v Line: 10
    Warning (13010): Node "SRAMDATA[7]~synth" File: F:/Work/FPGA/Board/Lab8/P4/p4.v Line: 10
Warning (13024): Output pins are stuck at VCC or GND
    Warning (13410): Pin "UB" is stuck at GND File: F:/Work/FPGA/Board/Lab8/P4/p4.v Line: 8
    Warning (13410): Pin "LB" is stuck at GND File: F:/Work/FPGA/Board/Lab8/P4/p4.v Line: 8
    Warning (13410): Pin "CE" is stuck at GND File: F:/Work/FPGA/Board/Lab8/P4/p4.v Line: 8
    Warning (13410): Pin "SRAME" is stuck at GND File: F:/Work/FPGA/Board/Lab8/P4/p4.v Line: 8
    Warning (13410): Pin "SRAMADDRESS[5]" is stuck at GND File: F:/Work/FPGA/Board/Lab8/P4/p4.v Line: 9
    Warning (13410): Pin "SRAMADDRESS[6]" is stuck at GND File: F:/Work/FPGA/Board/Lab8/P4/p4.v Line: 9
    Warning (13410): Pin "SRAMADDRESS[7]" is stuck at GND File: F:/Work/FPGA/Board/Lab8/P4/p4.v Line: 9
    Warning (13410): Pin "SRAMADDRESS[8]" is stuck at GND File: F:/Work/FPGA/Board/Lab8/P4/p4.v Line: 9
    Warning (13410): Pin "SRAMADDRESS[9]" is stuck at GND File: F:/Work/FPGA/Board/Lab8/P4/p4.v Line: 9
    Warning (13410): Pin "SRAMADDRESS[10]" is stuck at GND File: F:/Work/FPGA/Board/Lab8/P4/p4.v Line: 9
    Warning (13410): Pin "SRAMADDRESS[11]" is stuck at GND File: F:/Work/FPGA/Board/Lab8/P4/p4.v Line: 9
    Warning (13410): Pin "SRAMADDRESS[12]" is stuck at GND File: F:/Work/FPGA/Board/Lab8/P4/p4.v Line: 9
    Warning (13410): Pin "SRAMADDRESS[13]" is stuck at GND File: F:/Work/FPGA/Board/Lab8/P4/p4.v Line: 9
    Warning (13410): Pin "SRAMADDRESS[14]" is stuck at GND File: F:/Work/FPGA/Board/Lab8/P4/p4.v Line: 9
    Warning (13410): Pin "SRAMADDRESS[15]" is stuck at GND File: F:/Work/FPGA/Board/Lab8/P4/p4.v Line: 9
    Warning (13410): Pin "SRAMADDRESS[16]" is stuck at GND File: F:/Work/FPGA/Board/Lab8/P4/p4.v Line: 9
    Warning (13410): Pin "SRAMADDRESS[17]" is stuck at GND File: F:/Work/FPGA/Board/Lab8/P4/p4.v Line: 9
    Warning (13410): Pin "SRAMADDRESS[18]" is stuck at GND File: F:/Work/FPGA/Board/Lab8/P4/p4.v Line: 9
    Warning (13410): Pin "SRAMADDRESS[19]" is stuck at GND File: F:/Work/FPGA/Board/Lab8/P4/p4.v Line: 9
    Warning (13410): Pin "LEDs[0]" is stuck at VCC File: F:/Work/FPGA/Board/Lab8/P4/p4.v Line: 12
    Warning (13410): Pin "LEDs[3]" is stuck at VCC File: F:/Work/FPGA/Board/Lab8/P4/p4.v Line: 12
    Warning (13410): Pin "LEDs[6]" is stuck at VCC File: F:/Work/FPGA/Board/Lab8/P4/p4.v Line: 12
    Warning (13410): Pin "LEDs[7]" is stuck at VCC File: F:/Work/FPGA/Board/Lab8/P4/p4.v Line: 12
    Warning (13410): Pin "LEDs[9]" is stuck at VCC File: F:/Work/FPGA/Board/Lab8/P4/p4.v Line: 12
    Warning (13410): Pin "LEDs[10]" is stuck at VCC File: F:/Work/FPGA/Board/Lab8/P4/p4.v Line: 12
    Warning (13410): Pin "LEDs[11]" is stuck at VCC File: F:/Work/FPGA/Board/Lab8/P4/p4.v Line: 12
    Warning (13410): Pin "LEDs[12]" is stuck at VCC File: F:/Work/FPGA/Board/Lab8/P4/p4.v Line: 12
    Warning (13410): Pin "LEDs[13]" is stuck at VCC File: F:/Work/FPGA/Board/Lab8/P4/p4.v Line: 12
Info (286030): Timing-Driven Synthesis is running
Info (16010): Generating hard_block partition "hard_block:auto_generated_inst"
    Info (16011): Adding 0 node(s), including 0 DDIO, 0 PLL, 0 transceiver and 0 LCELL
Warning (21074): Design contains 1 input pin(s) that do not drive logic
    Warning (15610): No output dependent on input pin "CLK" File: F:/Work/FPGA/Board/Lab8/P4/p4.v Line: 6
Info (21057): Implemented 95 device resources after synthesis - the final resource count might be different
    Info (21058): Implemented 15 input pins
    Info (21059): Implemented 48 output pins
    Info (21060): Implemented 16 bidirectional pins
    Info (21061): Implemented 16 logic cells
Info: Quartus Prime Analysis & Synthesis was successful. 0 errors, 62 warnings
    Info: Peak virtual memory: 598 megabytes
    Info: Processing ended: Mon Apr 24 15:36:11 2017
    Info: Elapsed time: 00:00:13
    Info: Total CPU time (on all processors): 00:00:30


